<?xml version="1.0" encoding="UTF-8"?>
<testsuites name="Runner By Feature" time="1362.705" tests="9" failures="3" errors="0">
   <testsuite name="Runner By Feature" tests="9" failures="3" errors="0" time="1362.705" skipped="0" timestamp="2022-12-05 20:23:36" hostname="Pegipegi - LAPTOP-BVRAS5I2" id="Test Suites/Cucumber/Runner By Feature">
      <properties>
[...]
</properties>
      <testcase name="Test Cases/Cucumber/Runner By Feature/Login" time="109.123" classname="Test Cases/Cucumber/Runner By Feature/Login" status="PASSED">
         <system-out><![CDATA[2022-12-05 20:23:37 - [TEST_CASE][PASSED] - Test Cases/Cucumber/Runner By Feature/Login: Test Cases/Cucumber/Runner By Feature/Login

2022-12-05 20:23:37 - [TEST_STEP][PASSED] - runWithCucumberRunner(Runner_Login): Run with 'Runner_Login' was passed

2022-12-05 20:23:39 - [MESSAGE][INFO] - User set preference: ['appWaitActivity', '*']

2022-12-05 20:23:39 - [MESSAGE][INFO] - User set preference: ['appWaitforLaunch', 'false']

2022-12-05 20:23:39 - [MESSAGE][INFO] - User set preference: ['deviceId', 'emulator-5554']

2022-12-05 20:23:40 - [MESSAGE][INFO] - Detected NodeJS location: "C:\Program Files\nodejs\node.exe"

2022-12-05 20:23:41 - [MESSAGE][INFO] - Appium server started on port 62,648

2022-12-05 20:24:01 - [MESSAGE][PASSED] - Started app at: 'D:\platinum_challange\secondhand-app\APK File\app-release.apk'

2022-12-05 20:24:01 - [MESSAGE][WARNING] - Timeout '0' is invalid. Using default page load timeout: '30'

2022-12-05 20:24:04 - [MESSAGE][PASSED] - Tapped on element 'Object Repository/Page_Akun/menu_akun'

2022-12-05 20:24:04 - [MESSAGE][WARNING] - Timeout '0' is invalid. Using default page load timeout: '30'

2022-12-05 20:24:05 - [MESSAGE][PASSED] - Tapped on element 'Object Repository/Page_Akun/Before Login/button_masuk'

2022-12-05 20:24:05 - [MESSAGE][WARNING] - Timeout '0' is invalid. Using default page load timeout: '30'

2022-12-05 20:24:08 - [MESSAGE][PASSED] - Text 'studentqa2@binar.id' has been set to element 'Object Repository/Page_Login/input_email'

2022-12-05 20:24:08 - [MESSAGE][WARNING] - Timeout '0' is invalid. Using default page load timeout: '30'

2022-12-05 20:24:09 - [MESSAGE][PASSED] - Text 'studentQA2' has been set to element 'Object Repository/Page_Login/input_password'

2022-12-05 20:24:09 - [MESSAGE][WARNING] - Timeout '0' is invalid. Using default page load timeout: '30'

2022-12-05 20:24:12 - [MESSAGE][PASSED] - Tapped on element 'Object Repository/Page_Login/button_masuk'

2022-12-05 20:24:12 - [MESSAGE][WARNING] - Timeout '0' is invalid. Using default page load timeout: '30'

2022-12-05 20:24:12 - [MESSAGE][PASSED] - Element 'Object Repository/Page_Akun/After Login/account_username' is checked

2022-12-05 20:24:12 - [MESSAGE][WARNING] - Timeout '0' is invalid. Using default page load timeout: '30'

2022-12-05 20:24:13 - [MESSAGE][PASSED] - Element 'Object Repository/Page_Akun/After Login/account_email' is checked

2022-12-05 20:24:13 - [MESSAGE][WARNING] - Timeout '0' is invalid. Using default page load timeout: '30'

2022-12-05 20:24:14 - [MESSAGE][PASSED] - Tapped on element 'Object Repository/Page_Akun/After Login/menu_keluar'

2022-12-05 20:24:14 - [MESSAGE][INFO] - User set preference: ['appWaitActivity', '*']

2022-12-05 20:24:14 - [MESSAGE][INFO] - User set preference: ['appWaitforLaunch', 'false']

2022-12-05 20:24:14 - [MESSAGE][INFO] - User set preference: ['deviceId', 'emulator-5554']

2022-12-05 20:24:30 - [MESSAGE][PASSED] - Started app at: 'D:\platinum_challange\secondhand-app\APK File\app-release.apk'

2022-12-05 20:24:30 - [MESSAGE][WARNING] - Timeout '0' is invalid. Using default page load timeout: '30'

2022-12-05 20:24:32 - [MESSAGE][PASSED] - Tapped on element 'Object Repository/Page_Akun/menu_akun'

2022-12-05 20:24:32 - [MESSAGE][WARNING] - Timeout '0' is invalid. Using default page load timeout: '30'

2022-12-05 20:24:33 - [MESSAGE][PASSED] - Tapped on element 'Object Repository/Page_Akun/Before Login/button_masuk'

2022-12-05 20:24:33 - [MESSAGE][WARNING] - Timeout '0' is invalid. Using default page load timeout: '30'

2022-12-05 20:24:36 - [MESSAGE][PASSED] - Text 'studentqa9@binar.id' has been set to element 'Object Repository/Page_Login/input_email'

2022-12-05 20:24:36 - [MESSAGE][WARNING] - Timeout '0' is invalid. Using default page load timeout: '30'

2022-12-05 20:24:37 - [MESSAGE][PASSED] - Text 'studentQA9' has been set to element 'Object Repository/Page_Login/input_password'

2022-12-05 20:24:38 - [MESSAGE][WARNING] - Timeout '0' is invalid. Using default page load timeout: '30'

2022-12-05 20:24:38 - [MESSAGE][PASSED] - Tapped on element 'Object Repository/Page_Login/button_masuk'

2022-12-05 20:24:38 - [MESSAGE][WARNING] - Timeout '0' is invalid. Using default page load timeout: '30'

2022-12-05 20:24:39 - [MESSAGE][PASSED] - Element 'Object Repository/Page_Login/title_masuk' is checked

2022-12-05 20:24:40 - [MESSAGE][WARNING] - Timeout '0' is invalid. Using default page load timeout: '30'

2022-12-05 20:24:40 - [MESSAGE][PASSED] - Element 'Object Repository/Page_Login/title_email' is checked

2022-12-05 20:24:40 - [MESSAGE][WARNING] - Timeout '0' is invalid. Using default page load timeout: '30'

2022-12-05 20:24:41 - [MESSAGE][PASSED] - Element 'Object Repository/Page_Login/title_password' is checked

2022-12-05 20:24:41 - [MESSAGE][INFO] - User set preference: ['appWaitActivity', '*']

2022-12-05 20:24:41 - [MESSAGE][INFO] - User set preference: ['appWaitforLaunch', 'false']

2022-12-05 20:24:41 - [MESSAGE][INFO] - User set preference: ['deviceId', 'emulator-5554']

2022-12-05 20:24:54 - [MESSAGE][PASSED] - Started app at: 'D:\platinum_challange\secondhand-app\APK File\app-release.apk'

2022-12-05 20:24:54 - [MESSAGE][WARNING] - Timeout '0' is invalid. Using default page load timeout: '30'

2022-12-05 20:24:56 - [MESSAGE][PASSED] - Tapped on element 'Object Repository/Page_Akun/menu_akun'

2022-12-05 20:24:56 - [MESSAGE][WARNING] - Timeout '0' is invalid. Using default page load timeout: '30'

2022-12-05 20:24:57 - [MESSAGE][PASSED] - Tapped on element 'Object Repository/Page_Akun/Before Login/button_masuk'

2022-12-05 20:24:57 - [MESSAGE][WARNING] - Timeout '0' is invalid. Using default page load timeout: '30'

2022-12-05 20:25:00 - [MESSAGE][PASSED] - Text 'studentqa2@binar.id' has been set to element 'Object Repository/Page_Login/input_email'

2022-12-05 20:25:00 - [MESSAGE][WARNING] - Timeout '0' is invalid. Using default page load timeout: '30'

2022-12-05 20:25:02 - [MESSAGE][PASSED] - Text '123456' has been set to element 'Object Repository/Page_Login/input_password'

2022-12-05 20:25:02 - [MESSAGE][WARNING] - Timeout '0' is invalid. Using default page load timeout: '30'

2022-12-05 20:25:03 - [MESSAGE][PASSED] - Tapped on element 'Object Repository/Page_Login/button_masuk'

2022-12-05 20:25:04 - [MESSAGE][WARNING] - Timeout '0' is invalid. Using default page load timeout: '30'

2022-12-05 20:25:04 - [MESSAGE][PASSED] - Element 'Object Repository/Page_Login/title_masuk' is checked

2022-12-05 20:25:05 - [MESSAGE][WARNING] - Timeout '0' is invalid. Using default page load timeout: '30'

2022-12-05 20:25:05 - [MESSAGE][PASSED] - Element 'Object Repository/Page_Login/title_email' is checked

2022-12-05 20:25:05 - [MESSAGE][WARNING] - Timeout '0' is invalid. Using default page load timeout: '30'

2022-12-05 20:25:05 - [MESSAGE][PASSED] - Element 'Object Repository/Page_Login/title_password' is checked

2022-12-05 20:25:05 - [MESSAGE][INFO] - User set preference: ['appWaitActivity', '*']

2022-12-05 20:25:05 - [MESSAGE][INFO] - User set preference: ['appWaitforLaunch', 'false']

2022-12-05 20:25:05 - [MESSAGE][INFO] - User set preference: ['deviceId', 'emulator-5554']

2022-12-05 20:25:20 - [MESSAGE][PASSED] - Started app at: 'D:\platinum_challange\secondhand-app\APK File\app-release.apk'

2022-12-05 20:25:20 - [MESSAGE][WARNING] - Timeout '0' is invalid. Using default page load timeout: '30'

2022-12-05 20:25:21 - [MESSAGE][PASSED] - Tapped on element 'Object Repository/Page_Akun/menu_akun'

2022-12-05 20:25:21 - [MESSAGE][WARNING] - Timeout '0' is invalid. Using default page load timeout: '30'

2022-12-05 20:25:22 - [MESSAGE][PASSED] - Tapped on element 'Object Repository/Page_Akun/Before Login/button_masuk'

2022-12-05 20:25:23 - [MESSAGE][WARNING] - Timeout '0' is invalid. Using default page load timeout: '30'

2022-12-05 20:25:25 - [MESSAGE][PASSED] - Tapped on element 'Object Repository/Page_Login/button_masuk'

2022-12-05 20:25:25 - [MESSAGE][WARNING] - Timeout '0' is invalid. Using default page load timeout: '30'

2022-12-05 20:25:26 - [MESSAGE][PASSED] - Element 'Object Repository/Page_Login/warningtext_email tidak boleh kosong' is checked

2022-12-05 20:25:26 - [MESSAGE][PASSED] - Run with 'Runner_Login' was passed]]></system-out>
         <system-err><![CDATA[]]></system-err>
      </testcase>
      <testcase name="Test Cases/Cucumber/Runner By Feature/Logout" time="28.128" classname="Test Cases/Cucumber/Runner By Feature/Logout" status="PASSED">
         <system-out><![CDATA[2022-12-05 20:25:26 - [TEST_CASE][PASSED] - Test Cases/Cucumber/Runner By Feature/Logout: Test Cases/Cucumber/Runner By Feature/Logout

2022-12-05 20:25:26 - [TEST_STEP][PASSED] - runWithCucumberRunner(Runner_Logout): Run with 'Runner_Logout' was passed

2022-12-05 20:25:27 - [MESSAGE][INFO] - User set preference: ['appWaitActivity', '*']

2022-12-05 20:25:27 - [MESSAGE][INFO] - User set preference: ['appWaitforLaunch', 'false']

2022-12-05 20:25:27 - [MESSAGE][INFO] - User set preference: ['deviceId', 'emulator-5554']

2022-12-05 20:25:40 - [MESSAGE][PASSED] - Started app at: 'D:\platinum_challange\secondhand-app\APK File\app-release.apk'

2022-12-05 20:25:40 - [MESSAGE][WARNING] - Timeout '0' is invalid. Using default page load timeout: '30'

2022-12-05 20:25:42 - [MESSAGE][PASSED] - Tapped on element 'Object Repository/Page_Akun/menu_akun'

2022-12-05 20:25:42 - [MESSAGE][WARNING] - Timeout '0' is invalid. Using default page load timeout: '30'

2022-12-05 20:25:43 - [MESSAGE][PASSED] - Tapped on element 'Object Repository/Page_Akun/Before Login/button_masuk'

2022-12-05 20:25:43 - [MESSAGE][WARNING] - Timeout '0' is invalid. Using default page load timeout: '30'

2022-12-05 20:25:45 - [MESSAGE][PASSED] - Text 'studentqa2@binar.id' has been set to element 'Object Repository/Page_Login/input_email'

2022-12-05 20:25:45 - [MESSAGE][WARNING] - Timeout '0' is invalid. Using default page load timeout: '30'

2022-12-05 20:25:47 - [MESSAGE][PASSED] - Text 'studentQA2' has been set to element 'Object Repository/Page_Login/input_password'

2022-12-05 20:25:47 - [MESSAGE][WARNING] - Timeout '0' is invalid. Using default page load timeout: '30'

2022-12-05 20:25:49 - [MESSAGE][PASSED] - Tapped on element 'Object Repository/Page_Login/button_masuk'

2022-12-05 20:25:50 - [MESSAGE][WARNING] - Timeout '0' is invalid. Using default page load timeout: '30'

2022-12-05 20:25:50 - [MESSAGE][PASSED] - Element 'Object Repository/Page_Akun/After Login/account_username' is checked

2022-12-05 20:25:50 - [MESSAGE][WARNING] - Timeout '0' is invalid. Using default page load timeout: '30'

2022-12-05 20:25:51 - [MESSAGE][PASSED] - Element 'Object Repository/Page_Akun/After Login/account_email' is checked

2022-12-05 20:25:51 - [MESSAGE][WARNING] - Timeout '0' is invalid. Using default page load timeout: '30'

2022-12-05 20:25:51 - [MESSAGE][PASSED] - Tapped on element 'Object Repository/Page_Akun/After Login/menu_keluar'

2022-12-05 20:25:51 - [MESSAGE][WARNING] - Timeout '0' is invalid. Using default page load timeout: '30'

2022-12-05 20:25:54 - [MESSAGE][PASSED] - Element 'Object Repository/Page_Beranda/text_telusuri kategori' is checked

2022-12-05 20:25:54 - [MESSAGE][PASSED] - Run with 'Runner_Logout' was passed]]></system-out>
         <system-err><![CDATA[]]></system-err>
      </testcase>
      <testcase name="Test Cases/Cucumber/Runner By Feature/Homepage" time="320.484" classname="Test Cases/Cucumber/Runner By Feature/Homepage" status="PASSED">
         <system-out><![CDATA[2022-12-05 20:25:54 - [TEST_CASE][PASSED] - Test Cases/Cucumber/Runner By Feature/Homepage: Test Cases/Cucumber/Runner By Feature/Homepage

2022-12-05 20:25:55 - [TEST_STEP][PASSED] - runWithCucumberRunner(Runner_Homepage): Run with 'Runner_Homepage' was passed

2022-12-05 20:25:55 - [MESSAGE][INFO] - User set preference: ['appWaitActivity', '*']

2022-12-05 20:25:55 - [MESSAGE][INFO] - User set preference: ['appWaitforLaunch', 'false']

2022-12-05 20:25:55 - [MESSAGE][INFO] - User set preference: ['deviceId', 'emulator-5554']

2022-12-05 20:26:13 - [MESSAGE][PASSED] - Started app at: 'D:\platinum_challange\secondhand-app\APK File\app-release.apk'

2022-12-05 20:26:13 - [MESSAGE][WARNING] - Timeout '0' is invalid. Using default page load timeout: '30'

2022-12-05 20:26:14 - [MESSAGE][PASSED] - Tapped on element 'Object Repository/Page_Akun/menu_akun'

2022-12-05 20:26:14 - [MESSAGE][WARNING] - Timeout '0' is invalid. Using default page load timeout: '30'

2022-12-05 20:26:15 - [MESSAGE][PASSED] - Tapped on element 'Object Repository/Page_Akun/Before Login/button_masuk'

2022-12-05 20:26:15 - [MESSAGE][WARNING] - Timeout '0' is invalid. Using default page load timeout: '30'

2022-12-05 20:26:18 - [MESSAGE][PASSED] - Text 'studentqa2@binar.id' has been set to element 'Object Repository/Page_Login/input_email'

2022-12-05 20:26:18 - [MESSAGE][WARNING] - Timeout '0' is invalid. Using default page load timeout: '30'

2022-12-05 20:26:20 - [MESSAGE][PASSED] - Text 'studentQA2' has been set to element 'Object Repository/Page_Login/input_password'

2022-12-05 20:26:20 - [MESSAGE][WARNING] - Timeout '0' is invalid. Using default page load timeout: '30'

2022-12-05 20:26:20 - [MESSAGE][PASSED] - Tapped on element 'Object Repository/Page_Login/button_masuk'

2022-12-05 20:26:20 - [MESSAGE][WARNING] - Timeout '0' is invalid. Using default page load timeout: '30'

2022-12-05 20:26:22 - [MESSAGE][PASSED] - Element 'Object Repository/Page_Akun/After Login/account_username' is checked

2022-12-05 20:26:23 - [MESSAGE][WARNING] - Timeout '0' is invalid. Using default page load timeout: '30'

2022-12-05 20:26:24 - [MESSAGE][PASSED] - Element 'Object Repository/Page_Akun/After Login/account_email' is checked

2022-12-05 20:26:24 - [MESSAGE][INFO] - User set preference: ['appWaitActivity', '*']

2022-12-05 20:26:24 - [MESSAGE][INFO] - User set preference: ['appWaitforLaunch', 'false']

2022-12-05 20:26:24 - [MESSAGE][INFO] - User set preference: ['deviceId', 'emulator-5554']

2022-12-05 20:26:38 - [MESSAGE][PASSED] - Started app at: 'D:\platinum_challange\secondhand-app\APK File\app-release.apk'

2022-12-05 20:26:38 - [MESSAGE][WARNING] - Timeout '0' is invalid. Using default page load timeout: '30'

2022-12-05 20:26:41 - [MESSAGE][PASSED] - Tapped on element 'Object Repository/Navbar/button_beranda'

2022-12-05 20:26:41 - [MESSAGE][WARNING] - Timeout '0' is invalid. Using default page load timeout: '30'

2022-12-05 20:26:42 - [MESSAGE][PASSED] - Tapped on element 'Object Repository/Page_Detail Produk (Buyer)/Tes Search/input_Search (E1)'

2022-12-05 20:26:43 - [MESSAGE][WARNING] - Timeout '0' is invalid. Using default page load timeout: '30'

2022-12-05 20:26:47 - [MESSAGE][PASSED] - Text 'mobil' has been set to element 'Object Repository/Page_Detail Produk (Buyer)/Tes Search/input_Search (E2)'

2022-12-05 20:26:47 - [MESSAGE][WARNING] - Timeout '0' is invalid. Using default page load timeout: '30'

2022-12-05 20:26:55 - [MESSAGE][PASSED] - Element 'Object Repository/Page_Detail Produk (Buyer)/Tes Search/item_Sony a 6400 (textview attributes)' is visible

2022-12-05 20:26:55 - [MESSAGE][WARNING] - Timeout '0' is invalid. Using default page load timeout: '30'

2022-12-05 20:26:56 - [MESSAGE][PASSED] - Tapped on element 'Object Repository/Page_Beranda/button_back'

2022-12-05 20:26:56 - [MESSAGE][WARNING] - Timeout '0' is invalid. Using default page load timeout: '30'

2022-12-05 20:26:57 - [MESSAGE][PASSED] - Tapped on element 'Object Repository/Page_Akun/menu_akun'

2022-12-05 20:26:58 - [MESSAGE][WARNING] - Timeout '0' is invalid. Using default page load timeout: '30'

2022-12-05 20:26:58 - [MESSAGE][PASSED] - Tapped on element 'Object Repository/Page_Akun/After Login/menu_keluar'

2022-12-05 20:26:58 - [MESSAGE][INFO] - User set preference: ['appWaitActivity', '*']

2022-12-05 20:26:58 - [MESSAGE][INFO] - User set preference: ['appWaitforLaunch', 'false']

2022-12-05 20:26:58 - [MESSAGE][INFO] - User set preference: ['deviceId', 'emulator-5554']

2022-12-05 20:27:18 - [MESSAGE][PASSED] - Started app at: 'D:\platinum_challange\secondhand-app\APK File\app-release.apk'

2022-12-05 20:27:18 - [MESSAGE][WARNING] - Timeout '0' is invalid. Using default page load timeout: '30'

2022-12-05 20:27:19 - [MESSAGE][PASSED] - Tapped on element 'Object Repository/Page_Akun/menu_akun'

2022-12-05 20:27:19 - [MESSAGE][WARNING] - Timeout '0' is invalid. Using default page load timeout: '30'

2022-12-05 20:27:20 - [MESSAGE][PASSED] - Tapped on element 'Object Repository/Page_Akun/Before Login/button_masuk'

2022-12-05 20:27:21 - [MESSAGE][WARNING] - Timeout '0' is invalid. Using default page load timeout: '30'

2022-12-05 20:27:23 - [MESSAGE][PASSED] - Text 'studentqa2@binar.id' has been set to element 'Object Repository/Page_Login/input_email'

2022-12-05 20:27:23 - [MESSAGE][WARNING] - Timeout '0' is invalid. Using default page load timeout: '30'

2022-12-05 20:27:25 - [MESSAGE][PASSED] - Text 'studentQA2' has been set to element 'Object Repository/Page_Login/input_password'

2022-12-05 20:27:25 - [MESSAGE][WARNING] - Timeout '0' is invalid. Using default page load timeout: '30'

2022-12-05 20:27:27 - [MESSAGE][PASSED] - Tapped on element 'Object Repository/Page_Login/button_masuk'

2022-12-05 20:27:27 - [MESSAGE][WARNING] - Timeout '0' is invalid. Using default page load timeout: '30'

2022-12-05 20:27:28 - [MESSAGE][PASSED] - Element 'Object Repository/Page_Akun/After Login/account_username' is checked

2022-12-05 20:27:28 - [MESSAGE][WARNING] - Timeout '0' is invalid. Using default page load timeout: '30'

2022-12-05 20:27:28 - [MESSAGE][PASSED] - Element 'Object Repository/Page_Akun/After Login/account_email' is checked

2022-12-05 20:27:28 - [MESSAGE][INFO] - User set preference: ['appWaitActivity', '*']

2022-12-05 20:27:28 - [MESSAGE][INFO] - User set preference: ['appWaitforLaunch', 'false']

2022-12-05 20:27:28 - [MESSAGE][INFO] - User set preference: ['deviceId', 'emulator-5554']

2022-12-05 20:27:42 - [MESSAGE][PASSED] - Started app at: 'D:\platinum_challange\secondhand-app\APK File\app-release.apk'

2022-12-05 20:27:42 - [MESSAGE][WARNING] - Timeout '0' is invalid. Using default page load timeout: '30'

2022-12-05 20:27:44 - [MESSAGE][PASSED] - Tapped on element 'Object Repository/Navbar/button_beranda'

2022-12-05 20:27:44 - [MESSAGE][WARNING] - Timeout '0' is invalid. Using default page load timeout: '30'

2022-12-05 20:27:46 - [MESSAGE][PASSED] - Tapped on element 'Object Repository/Page_Detail Produk (Buyer)/Tes Search/input_Search (E1)'

2022-12-05 20:27:46 - [MESSAGE][WARNING] - Timeout '0' is invalid. Using default page load timeout: '30'

2022-12-05 20:27:48 - [MESSAGE][PASSED] - Tapped on element 'Object Repository/Page_Beranda/button_back'

2022-12-05 20:27:48 - [MESSAGE][WARNING] - Timeout '0' is invalid. Using default page load timeout: '30'

2022-12-05 20:27:49 - [MESSAGE][PASSED] - Element 'Object Repository/Page_Beranda/Category/button_semua' is visible

2022-12-05 20:27:50 - [MESSAGE][WARNING] - Timeout '0' is invalid. Using default page load timeout: '30'

2022-12-05 20:27:50 - [MESSAGE][PASSED] - Element 'Object Repository/Page_Beranda/Category/button_Elektronik' is visible

2022-12-05 20:27:50 - [MESSAGE][WARNING] - Timeout '0' is invalid. Using default page load timeout: '30'

2022-12-05 20:27:51 - [MESSAGE][PASSED] - Element 'Object Repository/Page_Beranda/Category/button_Komputer dan Aksesoris' is visible

2022-12-05 20:27:51 - [MESSAGE][WARNING] - Timeout '0' is invalid. Using default page load timeout: '30'

2022-12-05 20:27:52 - [MESSAGE][PASSED] - Tapped on element 'Object Repository/Page_Akun/menu_akun'

2022-12-05 20:27:52 - [MESSAGE][WARNING] - Timeout '0' is invalid. Using default page load timeout: '30'

2022-12-05 20:27:53 - [MESSAGE][PASSED] - Tapped on element 'Object Repository/Page_Akun/After Login/menu_keluar'

2022-12-05 20:27:53 - [MESSAGE][INFO] - User set preference: ['appWaitActivity', '*']

2022-12-05 20:27:53 - [MESSAGE][INFO] - User set preference: ['appWaitforLaunch', 'false']

2022-12-05 20:27:53 - [MESSAGE][INFO] - User set preference: ['deviceId', 'emulator-5554']

2022-12-05 20:28:13 - [MESSAGE][PASSED] - Started app at: 'D:\platinum_challange\secondhand-app\APK File\app-release.apk'

2022-12-05 20:28:13 - [MESSAGE][WARNING] - Timeout '0' is invalid. Using default page load timeout: '30'

2022-12-05 20:28:14 - [MESSAGE][PASSED] - Tapped on element 'Object Repository/Page_Akun/menu_akun'

2022-12-05 20:28:14 - [MESSAGE][WARNING] - Timeout '0' is invalid. Using default page load timeout: '30'

2022-12-05 20:28:15 - [MESSAGE][PASSED] - Tapped on element 'Object Repository/Page_Akun/Before Login/button_masuk'

2022-12-05 20:28:15 - [MESSAGE][WARNING] - Timeout '0' is invalid. Using default page load timeout: '30'

2022-12-05 20:28:18 - [MESSAGE][PASSED] - Text 'studentqa2@binar.id' has been set to element 'Object Repository/Page_Login/input_email'

2022-12-05 20:28:18 - [MESSAGE][WARNING] - Timeout '0' is invalid. Using default page load timeout: '30'

2022-12-05 20:28:19 - [MESSAGE][PASSED] - Text 'studentQA2' has been set to element 'Object Repository/Page_Login/input_password'

2022-12-05 20:28:20 - [MESSAGE][WARNING] - Timeout '0' is invalid. Using default page load timeout: '30'

2022-12-05 20:28:22 - [MESSAGE][PASSED] - Tapped on element 'Object Repository/Page_Login/button_masuk'

2022-12-05 20:28:22 - [MESSAGE][WARNING] - Timeout '0' is invalid. Using default page load timeout: '30'

2022-12-05 20:28:23 - [MESSAGE][PASSED] - Element 'Object Repository/Page_Akun/After Login/account_username' is checked

2022-12-05 20:28:23 - [MESSAGE][WARNING] - Timeout '0' is invalid. Using default page load timeout: '30'

2022-12-05 20:28:24 - [MESSAGE][PASSED] - Element 'Object Repository/Page_Akun/After Login/account_email' is checked

2022-12-05 20:28:24 - [MESSAGE][INFO] - User set preference: ['appWaitActivity', '*']

2022-12-05 20:28:24 - [MESSAGE][INFO] - User set preference: ['appWaitforLaunch', 'false']

2022-12-05 20:28:24 - [MESSAGE][INFO] - User set preference: ['deviceId', 'emulator-5554']

2022-12-05 20:28:38 - [MESSAGE][PASSED] - Started app at: 'D:\platinum_challange\secondhand-app\APK File\app-release.apk'

2022-12-05 20:28:38 - [MESSAGE][WARNING] - Timeout '0' is invalid. Using default page load timeout: '30'

2022-12-05 20:28:40 - [MESSAGE][PASSED] - Tapped on element 'Object Repository/Navbar/button_beranda'

2022-12-05 20:28:41 - [MESSAGE][WARNING] - Timeout '0' is invalid. Using default page load timeout: '30'

2022-12-05 20:28:42 - [MESSAGE][PASSED] - Tapped on element 'Object Repository/Page_Detail Produk (Buyer)/Tes Search/input_Search (E1)'

2022-12-05 20:28:42 - [MESSAGE][WARNING] - Timeout '0' is invalid. Using default page load timeout: '30'

2022-12-05 20:28:46 - [MESSAGE][PASSED] - Text 'Sony' has been set to element 'Object Repository/Page_Detail Produk (Buyer)/Tes Search/input_Search (E2)'

2022-12-05 20:28:46 - [MESSAGE][WARNING] - Timeout '0' is invalid. Using default page load timeout: '30'

2022-12-05 20:28:50 - [MESSAGE][PASSED] - Element 'Object Repository/Page_Beranda/button_X' is checked

2022-12-05 20:28:50 - [MESSAGE][WARNING] - Timeout '0' is invalid. Using default page load timeout: '30'

2022-12-05 20:28:51 - [MESSAGE][PASSED] - Element 'Object Repository/Page_Detail Produk (Buyer)/Tes Search/input_Search (E1)' is visible

2022-12-05 20:28:51 - [MESSAGE][WARNING] - Timeout '0' is invalid. Using default page load timeout: '30'

2022-12-05 20:28:53 - [MESSAGE][PASSED] - Tapped on element 'Object Repository/Page_Beranda/button_back'

2022-12-05 20:28:53 - [MESSAGE][WARNING] - Timeout '0' is invalid. Using default page load timeout: '30'

2022-12-05 20:28:54 - [MESSAGE][PASSED] - Tapped on element 'Object Repository/Page_Akun/menu_akun'

2022-12-05 20:28:55 - [MESSAGE][WARNING] - Timeout '0' is invalid. Using default page load timeout: '30'

2022-12-05 20:28:55 - [MESSAGE][PASSED] - Tapped on element 'Object Repository/Page_Akun/After Login/menu_keluar'

2022-12-05 20:28:55 - [MESSAGE][INFO] - User set preference: ['appWaitActivity', '*']

2022-12-05 20:28:55 - [MESSAGE][INFO] - User set preference: ['appWaitforLaunch', 'false']

2022-12-05 20:28:55 - [MESSAGE][INFO] - User set preference: ['deviceId', 'emulator-5554']

2022-12-05 20:29:16 - [MESSAGE][PASSED] - Started app at: 'D:\platinum_challange\secondhand-app\APK File\app-release.apk'

2022-12-05 20:29:16 - [MESSAGE][WARNING] - Timeout '0' is invalid. Using default page load timeout: '30'

2022-12-05 20:29:17 - [MESSAGE][PASSED] - Tapped on element 'Object Repository/Page_Akun/menu_akun'

2022-12-05 20:29:17 - [MESSAGE][WARNING] - Timeout '0' is invalid. Using default page load timeout: '30'

2022-12-05 20:29:18 - [MESSAGE][PASSED] - Tapped on element 'Object Repository/Page_Akun/Before Login/button_masuk'

2022-12-05 20:29:18 - [MESSAGE][WARNING] - Timeout '0' is invalid. Using default page load timeout: '30'

2022-12-05 20:29:21 - [MESSAGE][PASSED] - Text 'studentqa2@binar.id' has been set to element 'Object Repository/Page_Login/input_email'

2022-12-05 20:29:21 - [MESSAGE][WARNING] - Timeout '0' is invalid. Using default page load timeout: '30'

2022-12-05 20:29:22 - [MESSAGE][PASSED] - Text 'studentQA2' has been set to element 'Object Repository/Page_Login/input_password'

2022-12-05 20:29:22 - [MESSAGE][WARNING] - Timeout '0' is invalid. Using default page load timeout: '30'

2022-12-05 20:29:25 - [MESSAGE][PASSED] - Tapped on element 'Object Repository/Page_Login/button_masuk'

2022-12-05 20:29:25 - [MESSAGE][WARNING] - Timeout '0' is invalid. Using default page load timeout: '30'

2022-12-05 20:29:26 - [MESSAGE][PASSED] - Element 'Object Repository/Page_Akun/After Login/account_username' is checked

2022-12-05 20:29:26 - [MESSAGE][WARNING] - Timeout '0' is invalid. Using default page load timeout: '30'

2022-12-05 20:29:26 - [MESSAGE][PASSED] - Element 'Object Repository/Page_Akun/After Login/account_email' is checked

2022-12-05 20:29:26 - [MESSAGE][INFO] - User set preference: ['appWaitActivity', '*']

2022-12-05 20:29:26 - [MESSAGE][INFO] - User set preference: ['appWaitforLaunch', 'false']

2022-12-05 20:29:26 - [MESSAGE][INFO] - User set preference: ['deviceId', 'emulator-5554']

2022-12-05 20:29:40 - [MESSAGE][PASSED] - Started app at: 'D:\platinum_challange\secondhand-app\APK File\app-release.apk'

2022-12-05 20:29:40 - [MESSAGE][WARNING] - Timeout '0' is invalid. Using default page load timeout: '30'

2022-12-05 20:29:43 - [MESSAGE][PASSED] - Tapped on element 'Object Repository/Navbar/button_beranda'

2022-12-05 20:29:43 - [MESSAGE][WARNING] - Timeout '0' is invalid. Using default page load timeout: '30'

2022-12-05 20:29:45 - [MESSAGE][PASSED] - Element 'Object Repository/Page_Beranda/Category/button_Elektronik' is checked

2022-12-05 20:29:45 - [MESSAGE][WARNING] - Timeout '0' is invalid. Using default page load timeout: '30'

2022-12-05 20:29:48 - [MESSAGE][PASSED] - Element 'Object Repository/Page_Beranda/Category/button_Komputer dan Aksesoris' is checked

2022-12-05 20:29:48 - [MESSAGE][WARNING] - Timeout '0' is invalid. Using default page load timeout: '30'

2022-12-05 20:29:49 - [MESSAGE][PASSED] - Element 'Object Repository/Page_Beranda/Category/button_semua' is checked

2022-12-05 20:29:49 - [MESSAGE][WARNING] - Timeout '0' is invalid. Using default page load timeout: '30'

2022-12-05 20:29:52 - [MESSAGE][PASSED] - Tapped on element 'Object Repository/Page_Akun/menu_akun'

2022-12-05 20:29:52 - [MESSAGE][WARNING] - Timeout '0' is invalid. Using default page load timeout: '30'

2022-12-05 20:29:53 - [MESSAGE][PASSED] - Tapped on element 'Object Repository/Page_Akun/After Login/menu_keluar'

2022-12-05 20:29:53 - [MESSAGE][INFO] - User set preference: ['appWaitActivity', '*']

2022-12-05 20:29:53 - [MESSAGE][INFO] - User set preference: ['appWaitforLaunch', 'false']

2022-12-05 20:29:53 - [MESSAGE][INFO] - User set preference: ['deviceId', 'emulator-5554']

2022-12-05 20:30:16 - [MESSAGE][PASSED] - Started app at: 'D:\platinum_challange\secondhand-app\APK File\app-release.apk'

2022-12-05 20:30:16 - [MESSAGE][WARNING] - Timeout '0' is invalid. Using default page load timeout: '30'

2022-12-05 20:30:18 - [MESSAGE][PASSED] - Tapped on element 'Object Repository/Page_Akun/menu_akun'

2022-12-05 20:30:18 - [MESSAGE][WARNING] - Timeout '0' is invalid. Using default page load timeout: '30'

2022-12-05 20:30:19 - [MESSAGE][PASSED] - Tapped on element 'Object Repository/Page_Akun/Before Login/button_masuk'

2022-12-05 20:30:19 - [MESSAGE][WARNING] - Timeout '0' is invalid. Using default page load timeout: '30'

2022-12-05 20:30:22 - [MESSAGE][PASSED] - Text 'studentqa2@binar.id' has been set to element 'Object Repository/Page_Login/input_email'

2022-12-05 20:30:22 - [MESSAGE][WARNING] - Timeout '0' is invalid. Using default page load timeout: '30'

2022-12-05 20:30:23 - [MESSAGE][PASSED] - Text 'studentQA2' has been set to element 'Object Repository/Page_Login/input_password'

2022-12-05 20:30:23 - [MESSAGE][WARNING] - Timeout '0' is invalid. Using default page load timeout: '30'

2022-12-05 20:30:24 - [MESSAGE][PASSED] - Tapped on element 'Object Repository/Page_Login/button_masuk'

2022-12-05 20:30:25 - [MESSAGE][WARNING] - Timeout '0' is invalid. Using default page load timeout: '30'

2022-12-05 20:30:27 - [MESSAGE][PASSED] - Element 'Object Repository/Page_Akun/After Login/account_username' is checked

2022-12-05 20:30:27 - [MESSAGE][WARNING] - Timeout '0' is invalid. Using default page load timeout: '30'

2022-12-05 20:30:28 - [MESSAGE][PASSED] - Element 'Object Repository/Page_Akun/After Login/account_email' is checked

2022-12-05 20:30:28 - [MESSAGE][INFO] - User set preference: ['appWaitActivity', '*']

2022-12-05 20:30:28 - [MESSAGE][INFO] - User set preference: ['appWaitforLaunch', 'false']

2022-12-05 20:30:28 - [MESSAGE][INFO] - User set preference: ['deviceId', 'emulator-5554']

2022-12-05 20:30:42 - [MESSAGE][PASSED] - Started app at: 'D:\platinum_challange\secondhand-app\APK File\app-release.apk'

2022-12-05 20:30:43 - [MESSAGE][WARNING] - Timeout '0' is invalid. Using default page load timeout: '30'

2022-12-05 20:30:45 - [MESSAGE][PASSED] - Tapped on element 'Object Repository/Navbar/button_beranda'

2022-12-05 20:30:46 - [MESSAGE][WARNING] - Timeout '0' is invalid. Using default page load timeout: '30'

2022-12-05 20:30:48 - [MESSAGE][PASSED] - Tapped on element 'Object Repository/Navbar/button_jual'

2022-12-05 20:30:48 - [MESSAGE][WARNING] - Timeout '0' is invalid. Using default page load timeout: '30'

2022-12-05 20:30:48 - [MESSAGE][PASSED] - Element 'Object Repository/Page_Tambah Produk/input_nama produk' is visible

2022-12-05 20:30:48 - [MESSAGE][WARNING] - Timeout '0' is invalid. Using default page load timeout: '30'

2022-12-05 20:30:48 - [MESSAGE][PASSED] - Element 'Object Repository/Page_Tambah Produk/input_harga produk' is visible

2022-12-05 20:30:48 - [MESSAGE][WARNING] - Timeout '0' is invalid. Using default page load timeout: '30'

2022-12-05 20:30:49 - [MESSAGE][PASSED] - Element 'Object Repository/Page_Tambah Produk/select_kategori' is visible

2022-12-05 20:30:49 - [MESSAGE][WARNING] - Timeout '0' is invalid. Using default page load timeout: '30'

2022-12-05 20:30:49 - [MESSAGE][PASSED] - Element 'Object Repository/Page_Tambah Produk/input_deskripsi' is visible

2022-12-05 20:30:49 - [MESSAGE][WARNING] - Timeout '0' is invalid. Using default page load timeout: '30'

2022-12-05 20:30:50 - [MESSAGE][PASSED] - Element 'Object Repository/Page_Tambah Produk/button_terbitkan' is visible

2022-12-05 20:30:51 - [MESSAGE][PASSED] - Close app successfully

2022-12-05 20:30:51 - [MESSAGE][INFO] - User set preference: ['appWaitActivity', '*']

2022-12-05 20:30:51 - [MESSAGE][INFO] - User set preference: ['appWaitforLaunch', 'false']

2022-12-05 20:30:51 - [MESSAGE][INFO] - User set preference: ['deviceId', 'emulator-5554']

2022-12-05 20:30:52 - [MESSAGE][INFO] - Detected NodeJS location: "C:\Program Files\nodejs\node.exe"

2022-12-05 20:30:55 - [MESSAGE][INFO] - Appium server started on port 64,983

2022-12-05 20:31:10 - [MESSAGE][PASSED] - Started app at: 'D:\platinum_challange\secondhand-app\APK File\app-release.apk'

2022-12-05 20:31:10 - [MESSAGE][WARNING] - Timeout '0' is invalid. Using default page load timeout: '30'

2022-12-05 20:31:13 - [MESSAGE][PASSED] - Tapped on element 'Object Repository/Page_Akun/menu_akun'

2022-12-05 20:31:13 - [MESSAGE][WARNING] - Timeout '0' is invalid. Using default page load timeout: '30'

2022-12-05 20:31:14 - [MESSAGE][PASSED] - Tapped on element 'Object Repository/Page_Akun/After Login/menu_keluar'

2022-12-05 20:31:14 - [MESSAGE][PASSED] - Run with 'Runner_Homepage' was passed]]></system-out>
         <system-err><![CDATA[]]></system-err>
      </testcase>
      <testcase name="Test Cases/Cucumber/Runner By Feature/Profile" time="46.552" classname="Test Cases/Cucumber/Runner By Feature/Profile" status="PASSED">
         <system-out><![CDATA[2022-12-05 20:31:14 - [TEST_CASE][PASSED] - Test Cases/Cucumber/Runner By Feature/Profile: Test Cases/Cucumber/Runner By Feature/Profile

2022-12-05 20:31:15 - [TEST_STEP][PASSED] - runWithCucumberRunner(Runner_Profile): Run with 'Runner_Profile' was passed

2022-12-05 20:31:15 - [MESSAGE][INFO] - User set preference: ['appWaitActivity', '*']

2022-12-05 20:31:15 - [MESSAGE][INFO] - User set preference: ['appWaitforLaunch', 'false']

2022-12-05 20:31:15 - [MESSAGE][INFO] - User set preference: ['deviceId', 'emulator-5554']

2022-12-05 20:31:32 - [MESSAGE][PASSED] - Started app at: 'D:\platinum_challange\secondhand-app\APK File\app-release.apk'

2022-12-05 20:31:32 - [MESSAGE][WARNING] - Timeout '0' is invalid. Using default page load timeout: '30'

2022-12-05 20:31:34 - [MESSAGE][PASSED] - Tapped on element 'Object Repository/Page_Akun/menu_akun'

2022-12-05 20:31:34 - [MESSAGE][WARNING] - Timeout '0' is invalid. Using default page load timeout: '30'

2022-12-05 20:31:35 - [MESSAGE][PASSED] - Tapped on element 'Object Repository/Page_Akun/Before Login/button_masuk'

2022-12-05 20:31:35 - [MESSAGE][WARNING] - Timeout '0' is invalid. Using default page load timeout: '30'

2022-12-05 20:31:37 - [MESSAGE][PASSED] - Text 'linfauziah23@gmail.com' has been set to element 'Object Repository/Page_Login/input_email'

2022-12-05 20:31:37 - [MESSAGE][WARNING] - Timeout '0' is invalid. Using default page load timeout: '30'

2022-12-05 20:31:38 - [MESSAGE][PASSED] - Text 'Bandung3210' has been set to element 'Object Repository/Page_Login/input_password'

2022-12-05 20:31:39 - [MESSAGE][WARNING] - Timeout '0' is invalid. Using default page load timeout: '30'

2022-12-05 20:31:41 - [MESSAGE][PASSED] - Tapped on element 'Object Repository/Page_Login/button_masuk'

2022-12-05 20:31:41 - [MESSAGE][WARNING] - Timeout '0' is invalid. Using default page load timeout: '30'

2022-12-05 20:31:41 - [MESSAGE][PASSED] - Element 'Object Repository/Page_Akun/After Login/account_username' is checked

2022-12-05 20:31:41 - [MESSAGE][WARNING] - Timeout '0' is invalid. Using default page load timeout: '30'

2022-12-05 20:31:42 - [MESSAGE][PASSED] - Element 'Object Repository/Page_Akun/After Login/account_email' is checked

2022-12-05 20:31:43 - [MESSAGE][WARNING] - Timeout '0' is invalid. Using default page load timeout: '30'

2022-12-05 20:31:43 - [MESSAGE][PASSED] - Tapped on element 'Object Repository/Page_Profile/button_pen'

2022-12-05 20:31:43 - [MESSAGE][WARNING] - Timeout '0' is invalid. Using default page load timeout: '30'

2022-12-05 20:31:44 - [MESSAGE][PASSED] - Tapped on element 'Object Repository/Page_Profile/edit_nama'

2022-12-05 20:31:45 - [MESSAGE][WARNING] - Timeout '0' is invalid. Using default page load timeout: '30'

2022-12-05 20:31:47 - [MESSAGE][PASSED] - Text 'Lin F' has been set to element 'Object Repository/Page_Profile/input_Name'

2022-12-05 20:31:47 - [MESSAGE][WARNING] - Timeout '0' is invalid. Using default page load timeout: '30'

2022-12-05 20:31:48 - [MESSAGE][PASSED] - Tapped on element 'Object Repository/Page_Profile/button_Simpan'

2022-12-05 20:31:48 - [MESSAGE][WARNING] - Timeout '0' is invalid. Using default page load timeout: '30'

2022-12-05 20:31:50 - [MESSAGE][PASSED] - Tapped on element 'Object Repository/Page_Profile/edit_Hp'

2022-12-05 20:31:50 - [MESSAGE][WARNING] - Timeout '0' is invalid. Using default page load timeout: '30'

2022-12-05 20:31:52 - [MESSAGE][PASSED] - Text '0812345678910' has been set to element 'Object Repository/Page_Profile/input_Hp'

2022-12-05 20:31:52 - [MESSAGE][WARNING] - Timeout '0' is invalid. Using default page load timeout: '30'

2022-12-05 20:31:53 - [MESSAGE][PASSED] - Tapped on element 'Object Repository/Page_Profile/button_Simpan'

2022-12-05 20:31:53 - [MESSAGE][WARNING] - Timeout '0' is invalid. Using default page load timeout: '30'

2022-12-05 20:31:55 - [MESSAGE][PASSED] - Tapped on element 'Object Repository/Page_Profile/edit_Kota'

2022-12-05 20:31:55 - [MESSAGE][WARNING] - Timeout '0' is invalid. Using default page load timeout: '30'

2022-12-05 20:31:57 - [MESSAGE][PASSED] - Text 'Bekasi' has been set to element 'Object Repository/Page_Profile/input_Kota'

2022-12-05 20:31:57 - [MESSAGE][WARNING] - Timeout '0' is invalid. Using default page load timeout: '30'

2022-12-05 20:31:58 - [MESSAGE][PASSED] - Tapped on element 'Object Repository/Page_Profile/button_Simpan'

2022-12-05 20:31:58 - [MESSAGE][WARNING] - Timeout '0' is invalid. Using default page load timeout: '30'

2022-12-05 20:31:59 - [MESSAGE][PASSED] - Element 'Object Repository/Page_Profile/button_x profil berhasil diperbarui' is visible

2022-12-05 20:31:59 - [MESSAGE][WARNING] - Timeout '0' is invalid. Using default page load timeout: '30'

2022-12-05 20:32:00 - [MESSAGE][PASSED] - Tapped on element 'Object Repository/Page_Profile/button_back'

2022-12-05 20:32:00 - [MESSAGE][WARNING] - Timeout '0' is invalid. Using default page load timeout: '30'

2022-12-05 20:32:01 - [MESSAGE][PASSED] - Element 'Object Repository/Page_Akun/After Login/menu_keluar' is visible

2022-12-05 20:32:01 - [MESSAGE][WARNING] - Timeout '0' is invalid. Using default page load timeout: '30'

2022-12-05 20:32:01 - [MESSAGE][PASSED] - Tapped on element 'Object Repository/Page_Akun/After Login/menu_keluar'

2022-12-05 20:32:01 - [MESSAGE][PASSED] - Run with 'Runner_Profile' was passed]]></system-out>
         <system-err><![CDATA[]]></system-err>
      </testcase>
      <testcase name="Test Cases/Cucumber/Runner By Feature/Buyer Order" time="159.951" classname="Test Cases/Cucumber/Runner By Feature/Buyer Order" status="PASSED">
         <system-out><![CDATA[2022-12-05 20:32:01 - [TEST_CASE][PASSED] - Test Cases/Cucumber/Runner By Feature/Buyer Order: Test Cases/Cucumber/Runner By Feature/Buyer Order

2022-12-05 20:32:02 - [TEST_STEP][PASSED] - runWithCucumberRunner(Runner_Buyer_Order): Run with 'Runner_Buyer_Order' was passed

2022-12-05 20:32:02 - [MESSAGE][INFO] - User set preference: ['appWaitActivity', '*']

2022-12-05 20:32:02 - [MESSAGE][INFO] - User set preference: ['appWaitforLaunch', 'false']

2022-12-05 20:32:02 - [MESSAGE][INFO] - User set preference: ['deviceId', 'emulator-5554']

2022-12-05 20:32:20 - [MESSAGE][PASSED] - Started app at: 'D:\platinum_challange\secondhand-app\APK File\app-release.apk'

2022-12-05 20:32:20 - [MESSAGE][WARNING] - Timeout '0' is invalid. Using default page load timeout: '30'

2022-12-05 20:32:23 - [MESSAGE][PASSED] - Tapped on element 'Object Repository/Navbar/button_beranda'

2022-12-05 20:32:23 - [MESSAGE][WARNING] - Timeout '0' is invalid. Using default page load timeout: '30'

2022-12-05 20:32:24 - [MESSAGE][PASSED] - Tapped on element 'Object Repository/Page_Detail Produk (Buyer)/Tes Search/input_Search (E1)'

2022-12-05 20:32:24 - [MESSAGE][WARNING] - Timeout '0' is invalid. Using default page load timeout: '30'

2022-12-05 20:32:28 - [MESSAGE][PASSED] - Text 'Sony a 6400' has been set to element 'Object Repository/Page_Detail Produk (Buyer)/Tes Search/input_Search (E2)'

2022-12-05 20:32:28 - [MESSAGE][WARNING] - Timeout '0' is invalid. Using default page load timeout: '30'

2022-12-05 20:32:30 - [MESSAGE][PASSED] - Tapped on element 'Object Repository/Page_Detail Produk (Buyer)/Tes Search/item_Sony a 6400 (textview attributes)'

2022-12-05 20:32:30 - [MESSAGE][WARNING] - Timeout '0' is invalid. Using default page load timeout: '30'

2022-12-05 20:32:32 - [MESSAGE][PASSED] - Element 'Object Repository/Page_Detail Produk (Buyer)/text_Alamat' is visible

2022-12-05 20:32:32 - [MESSAGE][WARNING] - Timeout '0' is invalid. Using default page load timeout: '30'

2022-12-05 20:32:33 - [MESSAGE][PASSED] - Element 'Object Repository/Page_Detail Produk (Buyer)/text_Kategori' is visible

2022-12-05 20:32:33 - [MESSAGE][WARNING] - Timeout '0' is invalid. Using default page load timeout: '30'

2022-12-05 20:32:34 - [MESSAGE][PASSED] - Element 'Object Repository/Page_Detail Produk (Buyer)/text_Nama Seller' is visible

2022-12-05 20:32:34 - [MESSAGE][WARNING] - Timeout '0' is invalid. Using default page load timeout: '30'

2022-12-05 20:32:34 - [MESSAGE][PASSED] - Element 'Object Repository/Page_Detail Produk (Buyer)/text_Product Detail' is visible

2022-12-05 20:32:35 - [MESSAGE][WARNING] - Timeout '0' is invalid. Using default page load timeout: '30'

2022-12-05 20:32:35 - [MESSAGE][PASSED] - Element 'Object Repository/Page_Detail Produk (Buyer)/button_Saya Tertarik dan Ingin Nego' is visible

2022-12-05 20:32:35 - [MESSAGE][INFO] - User set preference: ['appWaitActivity', '*']

2022-12-05 20:32:35 - [MESSAGE][INFO] - User set preference: ['appWaitforLaunch', 'false']

2022-12-05 20:32:35 - [MESSAGE][INFO] - User set preference: ['deviceId', 'emulator-5554']

2022-12-05 20:32:53 - [MESSAGE][PASSED] - Started app at: 'D:\platinum_challange\secondhand-app\APK File\app-release.apk'

2022-12-05 20:32:54 - [MESSAGE][WARNING] - Timeout '0' is invalid. Using default page load timeout: '30'

2022-12-05 20:32:56 - [MESSAGE][PASSED] - Tapped on element 'Object Repository/Navbar/button_beranda'

2022-12-05 20:32:56 - [MESSAGE][WARNING] - Timeout '0' is invalid. Using default page load timeout: '30'

2022-12-05 20:32:57 - [MESSAGE][PASSED] - Tapped on element 'Object Repository/Page_Detail Produk (Buyer)/Tes Search/input_Search (E1)'

2022-12-05 20:32:57 - [MESSAGE][WARNING] - Timeout '0' is invalid. Using default page load timeout: '30'

2022-12-05 20:33:01 - [MESSAGE][PASSED] - Text 'Sony a 6400' has been set to element 'Object Repository/Page_Detail Produk (Buyer)/Tes Search/input_Search (E2)'

2022-12-05 20:33:01 - [MESSAGE][WARNING] - Timeout '0' is invalid. Using default page load timeout: '30'

2022-12-05 20:33:02 - [MESSAGE][PASSED] - Tapped on element 'Object Repository/Page_Detail Produk (Buyer)/Tes Search/item_Sony a 6400 (textview attributes)'

2022-12-05 20:33:02 - [MESSAGE][WARNING] - Timeout '0' is invalid. Using default page load timeout: '30'

2022-12-05 20:33:04 - [MESSAGE][PASSED] - Tapped on element 'Object Repository/Page_Detail Produk (Buyer)/button_Saya Tertarik dan Ingin Nego'

2022-12-05 20:33:04 - [MESSAGE][WARNING] - Timeout '0' is invalid. Using default page load timeout: '30'

2022-12-05 20:33:05 - [MESSAGE][PASSED] - Element 'Object Repository/Page_Login/title_masuk' is visible

2022-12-05 20:33:05 - [MESSAGE][WARNING] - Timeout '0' is invalid. Using default page load timeout: '30'

2022-12-05 20:33:06 - [MESSAGE][PASSED] - Element 'Object Repository/Page_Login/title_email' is visible

2022-12-05 20:33:06 - [MESSAGE][WARNING] - Timeout '0' is invalid. Using default page load timeout: '30'

2022-12-05 20:33:06 - [MESSAGE][PASSED] - Element 'Object Repository/Page_Login/title_password' is visible

2022-12-05 20:33:06 - [MESSAGE][WARNING] - Timeout '0' is invalid. Using default page load timeout: '30'

2022-12-05 20:33:06 - [MESSAGE][PASSED] - Element 'Object Repository/Page_Login/input_email' is visible

2022-12-05 20:33:06 - [MESSAGE][WARNING] - Timeout '0' is invalid. Using default page load timeout: '30'

2022-12-05 20:33:06 - [MESSAGE][PASSED] - Element 'Object Repository/Page_Login/button_masuk' is visible

2022-12-05 20:33:06 - [MESSAGE][INFO] - User set preference: ['appWaitActivity', '*']

2022-12-05 20:33:06 - [MESSAGE][INFO] - User set preference: ['appWaitforLaunch', 'false']

2022-12-05 20:33:06 - [MESSAGE][INFO] - User set preference: ['deviceId', 'emulator-5554']

2022-12-05 20:33:19 - [MESSAGE][PASSED] - Started app at: 'D:\platinum_challange\secondhand-app\APK File\app-release.apk'

2022-12-05 20:33:19 - [MESSAGE][WARNING] - Timeout '0' is invalid. Using default page load timeout: '30'

2022-12-05 20:33:20 - [MESSAGE][PASSED] - Tapped on element 'Object Repository/Page_Akun/menu_akun'

2022-12-05 20:33:20 - [MESSAGE][WARNING] - Timeout '0' is invalid. Using default page load timeout: '30'

2022-12-05 20:33:21 - [MESSAGE][PASSED] - Tapped on element 'Object Repository/Page_Akun/Before Login/button_masuk'

2022-12-05 20:33:21 - [MESSAGE][WARNING] - Timeout '0' is invalid. Using default page load timeout: '30'

2022-12-05 20:33:24 - [MESSAGE][PASSED] - Text 'qurates1@yopmail.com' has been set to element 'Object Repository/Page_Login/input_email'

2022-12-05 20:33:24 - [MESSAGE][WARNING] - Timeout '0' is invalid. Using default page load timeout: '30'

2022-12-05 20:33:25 - [MESSAGE][PASSED] - Text 'qwertyuiop' has been set to element 'Object Repository/Page_Login/input_password'

2022-12-05 20:33:25 - [MESSAGE][WARNING] - Timeout '0' is invalid. Using default page load timeout: '30'

2022-12-05 20:33:26 - [MESSAGE][PASSED] - Tapped on element 'Object Repository/Page_Login/button_masuk'

2022-12-05 20:33:26 - [MESSAGE][WARNING] - Timeout '0' is invalid. Using default page load timeout: '30'

2022-12-05 20:33:30 - [MESSAGE][PASSED] - Element 'Object Repository/Page_Akun/After Login/account_username' is checked

2022-12-05 20:33:30 - [MESSAGE][WARNING] - Timeout '0' is invalid. Using default page load timeout: '30'

2022-12-05 20:33:30 - [MESSAGE][PASSED] - Element 'Object Repository/Page_Akun/After Login/account_email' is checked

2022-12-05 20:33:30 - [MESSAGE][WARNING] - Timeout '0' is invalid. Using default page load timeout: '30'

2022-12-05 20:33:31 - [MESSAGE][PASSED] - Tapped on element 'Object Repository/Navbar/button_beranda'

2022-12-05 20:33:31 - [MESSAGE][WARNING] - Timeout '0' is invalid. Using default page load timeout: '30'

2022-12-05 20:33:31 - [MESSAGE][PASSED] - Tapped on element 'Object Repository/Page_Detail Produk (Buyer)/Tes Search/input_Search (E1)'

2022-12-05 20:33:32 - [MESSAGE][WARNING] - Timeout '0' is invalid. Using default page load timeout: '30'

2022-12-05 20:33:34 - [MESSAGE][PASSED] - Text 'mie ayam ceker' has been set to element 'Object Repository/Page_Detail Produk (Buyer)/Tes Search/input_Search (E2)'

2022-12-05 20:33:34 - [MESSAGE][WARNING] - Timeout '0' is invalid. Using default page load timeout: '30'

2022-12-05 20:33:36 - [MESSAGE][PASSED] - Tapped on element 'Object Repository/Page_Detail Produk (Buyer)/Tes Search/item_Sony a 6400 (textview attributes)'

2022-12-05 20:33:36 - [MESSAGE][WARNING] - Timeout '0' is invalid. Using default page load timeout: '30'

2022-12-05 20:33:39 - [MESSAGE][PASSED] - Tapped on element 'Object Repository/Page_Detail Produk (Buyer)/button_Saya Tertarik dan Ingin Nego'

2022-12-05 20:33:39 - [MESSAGE][WARNING] - Timeout '0' is invalid. Using default page load timeout: '30'

2022-12-05 20:33:41 - [MESSAGE][PASSED] - Text '20000' has been set to element 'Object Repository/Page_Detail Produk (Buyer)/input_Harga Tawar'

2022-12-05 20:33:41 - [MESSAGE][WARNING] - Timeout '0' is invalid. Using default page load timeout: '30'

2022-12-05 20:33:41 - [MESSAGE][PASSED] - Tapped on element 'Object Repository/Page_Detail Produk (Buyer)/button_Kirim'

2022-12-05 20:33:42 - [MESSAGE][WARNING] - Timeout '0' is invalid. Using default page load timeout: '30'

2022-12-05 20:33:43 - [MESSAGE][PASSED] - Element 'Object Repository/Page_Detail Produk (Buyer)/popup_Harga tawarmu berhasil dikirim ke penjual' is visible

2022-12-05 20:33:43 - [MESSAGE][INFO] - User set preference: ['appWaitActivity', '*']

2022-12-05 20:33:43 - [MESSAGE][INFO] - User set preference: ['appWaitforLaunch', 'false']

2022-12-05 20:33:43 - [MESSAGE][INFO] - User set preference: ['deviceId', 'emulator-5554']

2022-12-05 20:34:01 - [MESSAGE][PASSED] - Started app at: 'D:\platinum_challange\secondhand-app\APK File\app-release.apk'

2022-12-05 20:34:01 - [MESSAGE][WARNING] - Timeout '0' is invalid. Using default page load timeout: '30'

2022-12-05 20:34:03 - [MESSAGE][PASSED] - Tapped on element 'Object Repository/Navbar/button_beranda'

2022-12-05 20:34:03 - [MESSAGE][WARNING] - Timeout '0' is invalid. Using default page load timeout: '30'

2022-12-05 20:34:05 - [MESSAGE][PASSED] - Tapped on element 'Object Repository/Page_Detail Produk (Buyer)/Tes Search/input_Search (E1)'

2022-12-05 20:34:05 - [MESSAGE][WARNING] - Timeout '0' is invalid. Using default page load timeout: '30'

2022-12-05 20:34:09 - [MESSAGE][PASSED] - Text 'nasgor telur ceplok' has been set to element 'Object Repository/Page_Detail Produk (Buyer)/Tes Search/input_Search (E2)'

2022-12-05 20:34:09 - [MESSAGE][WARNING] - Timeout '0' is invalid. Using default page load timeout: '30'

2022-12-05 20:34:11 - [MESSAGE][PASSED] - Tapped on element 'Object Repository/Page_Detail Produk (Buyer)/Tes Search/item_Sony a 6400 (textview attributes)'

2022-12-05 20:34:12 - [MESSAGE][WARNING] - Timeout '0' is invalid. Using default page load timeout: '30'

2022-12-05 20:34:13 - [MESSAGE][PASSED] - Tapped on element 'Object Repository/Page_Detail Produk (Buyer)/button_Saya Tertarik dan Ingin Nego'

2022-12-05 20:34:13 - [MESSAGE][WARNING] - Timeout '0' is invalid. Using default page load timeout: '30'

2022-12-05 20:34:15 - [MESSAGE][PASSED] - Tapped on element 'Object Repository/Page_Detail Produk (Buyer)/button_Kirim'

2022-12-05 20:34:15 - [MESSAGE][WARNING] - Timeout '0' is invalid. Using default page load timeout: '30'

2022-12-05 20:34:16 - [MESSAGE][PASSED] - Element 'Object Repository/Page_Detail Produk (Buyer)/popup_Harga tawar tidak boleh kosong' is visible

2022-12-05 20:34:17 - [MESSAGE][PASSED] - Close app successfully

2022-12-05 20:34:17 - [MESSAGE][INFO] - User set preference: ['appWaitActivity', '*']

2022-12-05 20:34:17 - [MESSAGE][INFO] - User set preference: ['appWaitforLaunch', 'false']

2022-12-05 20:34:17 - [MESSAGE][INFO] - User set preference: ['deviceId', 'emulator-5554']

2022-12-05 20:34:18 - [MESSAGE][INFO] - Detected NodeJS location: "C:\Program Files\nodejs\node.exe"

2022-12-05 20:34:22 - [MESSAGE][INFO] - Appium server started on port 49,837

2022-12-05 20:34:38 - [MESSAGE][PASSED] - Started app at: 'D:\platinum_challange\secondhand-app\APK File\app-release.apk'

2022-12-05 20:34:38 - [MESSAGE][WARNING] - Timeout '0' is invalid. Using default page load timeout: '30'

2022-12-05 20:34:40 - [MESSAGE][PASSED] - Tapped on element 'Object Repository/Page_Akun/menu_akun'

2022-12-05 20:34:40 - [MESSAGE][WARNING] - Timeout '0' is invalid. Using default page load timeout: '30'

2022-12-05 20:34:41 - [MESSAGE][PASSED] - Tapped on element 'Object Repository/Page_Akun/After Login/menu_keluar'

2022-12-05 20:34:41 - [MESSAGE][PASSED] - Run with 'Runner_Buyer_Order' was passed]]></system-out>
         <system-err><![CDATA[]]></system-err>
      </testcase>
      <testcase name="Test Cases/Cucumber/Runner By Feature/My Order" time="91.62" classname="Test Cases/Cucumber/Runner By Feature/My Order" status="PASSED">
         <system-out><![CDATA[2022-12-05 20:34:41 - [TEST_CASE][PASSED] - Test Cases/Cucumber/Runner By Feature/My Order: Test Cases/Cucumber/Runner By Feature/My Order

2022-12-05 20:34:42 - [TEST_STEP][PASSED] - runWithCucumberRunner(Runner_My_Order): Run with 'Runner_My_Order' was passed

2022-12-05 20:34:42 - [MESSAGE][INFO] - User set preference: ['appWaitActivity', '*']

2022-12-05 20:34:42 - [MESSAGE][INFO] - User set preference: ['appWaitforLaunch', 'false']

2022-12-05 20:34:42 - [MESSAGE][INFO] - User set preference: ['deviceId', 'emulator-5554']

2022-12-05 20:35:00 - [MESSAGE][PASSED] - Started app at: 'D:\platinum_challange\secondhand-app\APK File\app-release.apk'

2022-12-05 20:35:00 - [MESSAGE][WARNING] - Timeout '0' is invalid. Using default page load timeout: '30'

2022-12-05 20:35:02 - [MESSAGE][PASSED] - Tapped on element 'Object Repository/Page_Akun/menu_akun'

2022-12-05 20:35:02 - [MESSAGE][WARNING] - Timeout '0' is invalid. Using default page load timeout: '30'

2022-12-05 20:35:03 - [MESSAGE][PASSED] - Tapped on element 'Object Repository/Page_Akun/Before Login/button_masuk'

2022-12-05 20:35:03 - [MESSAGE][WARNING] - Timeout '0' is invalid. Using default page load timeout: '30'

2022-12-05 20:35:05 - [MESSAGE][PASSED] - Text 'qurates2@yopmail.com' has been set to element 'Object Repository/Page_Login/input_email'

2022-12-05 20:35:05 - [MESSAGE][WARNING] - Timeout '0' is invalid. Using default page load timeout: '30'

2022-12-05 20:35:06 - [MESSAGE][PASSED] - Text 'qwertyuiop' has been set to element 'Object Repository/Page_Login/input_password'

2022-12-05 20:35:07 - [MESSAGE][WARNING] - Timeout '0' is invalid. Using default page load timeout: '30'

2022-12-05 20:35:09 - [MESSAGE][PASSED] - Tapped on element 'Object Repository/Page_Login/button_masuk'

2022-12-05 20:35:09 - [MESSAGE][WARNING] - Timeout '0' is invalid. Using default page load timeout: '30'

2022-12-05 20:35:09 - [MESSAGE][PASSED] - Element 'Object Repository/Page_Akun/After Login/account_username' is checked

2022-12-05 20:35:09 - [MESSAGE][WARNING] - Timeout '0' is invalid. Using default page load timeout: '30'

2022-12-05 20:35:10 - [MESSAGE][PASSED] - Element 'Object Repository/Page_Akun/After Login/account_email' is checked

2022-12-05 20:35:10 - [MESSAGE][WARNING] - Timeout '0' is invalid. Using default page load timeout: '30'

2022-12-05 20:35:10 - [MESSAGE][PASSED] - Tapped on element 'Object Repository/Page_Akun/After Login/menu_pesanan_saya'

2022-12-05 20:35:10 - [MESSAGE][WARNING] - Timeout '0' is invalid. Using default page load timeout: '30'

2022-12-05 20:35:12 - [MESSAGE][PASSED] - Element 'Object Repository/Page_Pesanan Saya/title_Pesanan Saya' is visible

2022-12-05 20:35:12 - [MESSAGE][INFO] - User set preference: ['appWaitActivity', '*']

2022-12-05 20:35:12 - [MESSAGE][INFO] - User set preference: ['appWaitforLaunch', 'false']

2022-12-05 20:35:12 - [MESSAGE][INFO] - User set preference: ['deviceId', 'emulator-5554']

2022-12-05 20:35:26 - [MESSAGE][PASSED] - Started app at: 'D:\platinum_challange\secondhand-app\APK File\app-release.apk'

2022-12-05 20:35:26 - [MESSAGE][WARNING] - Timeout '0' is invalid. Using default page load timeout: '30'

2022-12-05 20:35:28 - [MESSAGE][PASSED] - Tapped on element 'Object Repository/Page_Akun/menu_akun'

2022-12-05 20:35:28 - [MESSAGE][WARNING] - Timeout '0' is invalid. Using default page load timeout: '30'

2022-12-05 20:35:28 - [MESSAGE][PASSED] - Tapped on element 'Object Repository/Page_Akun/After Login/menu_pesanan_saya'

2022-12-05 20:35:29 - [MESSAGE][WARNING] - Timeout '0' is invalid. Using default page load timeout: '30'

2022-12-05 20:35:31 - [MESSAGE][PASSED] - Element 'Object Repository/Page_Pesanan Saya/text_Menunggu' is visible

2022-12-05 20:35:31 - [MESSAGE][INFO] - User set preference: ['appWaitActivity', '*']

2022-12-05 20:35:31 - [MESSAGE][INFO] - User set preference: ['appWaitforLaunch', 'false']

2022-12-05 20:35:31 - [MESSAGE][INFO] - User set preference: ['deviceId', 'emulator-5554']

2022-12-05 20:35:44 - [MESSAGE][PASSED] - Started app at: 'D:\platinum_challange\secondhand-app\APK File\app-release.apk'

2022-12-05 20:35:44 - [MESSAGE][WARNING] - Timeout '0' is invalid. Using default page load timeout: '30'

2022-12-05 20:35:46 - [MESSAGE][PASSED] - Tapped on element 'Object Repository/Page_Akun/menu_akun'

2022-12-05 20:35:47 - [MESSAGE][WARNING] - Timeout '0' is invalid. Using default page load timeout: '30'

2022-12-05 20:35:47 - [MESSAGE][PASSED] - Tapped on element 'Object Repository/Page_Akun/After Login/menu_pesanan_saya'

2022-12-05 20:35:47 - [MESSAGE][WARNING] - Timeout '0' is invalid. Using default page load timeout: '30'

2022-12-05 20:35:49 - [MESSAGE][PASSED] - Element 'Object Repository/Page_Pesanan Saya/text_Dibatalkan' is visible

2022-12-05 20:35:50 - [MESSAGE][PASSED] - Close app successfully

2022-12-05 20:35:50 - [MESSAGE][INFO] - User set preference: ['appWaitActivity', '*']

2022-12-05 20:35:50 - [MESSAGE][INFO] - User set preference: ['appWaitforLaunch', 'false']

2022-12-05 20:35:50 - [MESSAGE][INFO] - User set preference: ['deviceId', 'emulator-5554']

2022-12-05 20:35:51 - [MESSAGE][INFO] - Detected NodeJS location: "C:\Program Files\nodejs\node.exe"

2022-12-05 20:35:55 - [MESSAGE][INFO] - Appium server started on port 50,469

2022-12-05 20:36:10 - [MESSAGE][PASSED] - Started app at: 'D:\platinum_challange\secondhand-app\APK File\app-release.apk'

2022-12-05 20:36:11 - [MESSAGE][WARNING] - Timeout '0' is invalid. Using default page load timeout: '30'

2022-12-05 20:36:12 - [MESSAGE][PASSED] - Tapped on element 'Object Repository/Page_Akun/menu_akun'

2022-12-05 20:36:12 - [MESSAGE][WARNING] - Timeout '0' is invalid. Using default page load timeout: '30'

2022-12-05 20:36:13 - [MESSAGE][PASSED] - Tapped on element 'Object Repository/Page_Akun/After Login/menu_keluar'

2022-12-05 20:36:13 - [MESSAGE][PASSED] - Run with 'Runner_My_Order' was passed]]></system-out>
         <system-err><![CDATA[]]></system-err>
      </testcase>
      <testcase name="Test Cases/Cucumber/Runner By Feature/Seller Product" time="264.241" classname="Test Cases/Cucumber/Runner By Feature/Seller Product" status="FAILED">
         <failure type="FAILED" message="Test Cases/Cucumber/Runner By Feature/Seller Product FAILED.
Reason:
com.kms.katalon.core.exception.StepFailedException: These following reason:
 [Object Object Repository/Page_Daftar Jual/button_back not found, Object Object Repository/Page_Akun/Before Login/button_masuk not found, Object Object Repository/Page_Akun/Before Login/button_masuk not found, Object Object Repository/Page_Akun/Before Login/button_masuk not found]
	at com.kms.katalon.core.keyword.internal.KeywordMain.stepFailed(KeywordMain.groovy:50)
	at com.kms.katalon.core.keyword.internal.KeywordMain.stepFailed(KeywordMain.groovy)
	at com.kms.katalon.core.keyword.internal.KeywordMain.stepFailed(KeywordMain.groovy:23)
	at com.kms.katalon.core.keyword.internal.KeywordMain$stepFailed$0.call(Unknown Source)
	at com.kms.katalon.core.cucumber.keyword.CucumberBuiltinKeywords$_runWithCucumberRunner_closure5.doCall(CucumberBuiltinKeywords.groovy:633)
	at com.kms.katalon.core.cucumber.keyword.CucumberBuiltinKeywords$_runWithCucumberRunner_closure5.doCall(CucumberBuiltinKeywords.groovy)
	at com.kms.katalon.core.keyword.internal.KeywordMain.runKeyword(KeywordMain.groovy:74)
	at com.kms.katalon.core.keyword.internal.KeywordMain.runKeyword(KeywordMain.groovy:68)
	at com.kms.katalon.core.keyword.internal.KeywordMain$runKeyword.call(Unknown Source)
	at com.kms.katalon.core.cucumber.keyword.CucumberBuiltinKeywords.runWithCucumberRunner(CucumberBuiltinKeywords.groovy:618)
	at com.kms.katalon.core.cucumber.keyword.CucumberBuiltinKeywords$runWithCucumberRunner$0.callStatic(Unknown Source)
	at com.kms.katalon.core.cucumber.keyword.CucumberBuiltinKeywords.runWithCucumberRunner(CucumberBuiltinKeywords.groovy:718)
	at com.kms.katalon.core.cucumber.keyword.CucumberBuiltinKeywords$runWithCucumberRunner.call(Unknown Source)
	at Seller Product.run(Seller Product:20)
	at com.kms.katalon.core.main.ScriptEngine.run(ScriptEngine.java:194)
	at com.kms.katalon.core.main.ScriptEngine.runScriptAsRawText(ScriptEngine.java:119)
	at com.kms.katalon.core.main.TestCaseExecutor.runScript(TestCaseExecutor.java:448)
	at com.kms.katalon.core.main.TestCaseExecutor.doExecute(TestCaseExecutor.java:439)
	at com.kms.katalon.core.main.TestCaseExecutor.processExecutionPhase(TestCaseExecutor.java:418)
	at com.kms.katalon.core.main.TestCaseExecutor.accessMainPhase(TestCaseExecutor.java:410)
	at com.kms.katalon.core.main.TestCaseExecutor.execute(TestCaseExecutor.java:285)
	at com.kms.katalon.core.common.CommonExecutor.accessTestCaseMainPhase(CommonExecutor.java:65)
	at com.kms.katalon.core.main.TestSuiteExecutor.accessTestSuiteMainPhase(TestSuiteExecutor.java:151)
	at com.kms.katalon.core.main.TestSuiteExecutor.execute(TestSuiteExecutor.java:106)
	at com.kms.katalon.core.main.TestCaseMain.startTestSuite(TestCaseMain.java:185)
	at com.kms.katalon.core.main.TestCaseMain$startTestSuite$0.call(Unknown Source)
	at TempTestSuite1670246606020.run(TempTestSuite1670246606020.groovy:36)
"/>
         <system-out><![CDATA[2022-12-05 20:36:13 - [TEST_CASE][FAILED] - Test Cases/Cucumber/Runner By Feature/Seller Product: Test Cases/Cucumber/Runner By Feature/Seller Product FAILED.
Reason:
com.kms.katalon.core.exception.StepFailedException: These following reason:
 [Object Object Repository/Page_Daftar Jual/button_back not found, Object Object Repository/Page_Akun/Before Login/button_masuk not found, Object Object Repository/Page_Akun/Before Login/button_masuk not found, Object Object Repository/Page_Akun/Before Login/button_masuk not found]
	at com.kms.katalon.core.keyword.internal.KeywordMain.stepFailed(KeywordMain.groovy:50)
	at com.kms.katalon.core.keyword.internal.KeywordMain.stepFailed(KeywordMain.groovy)
	at com.kms.katalon.core.keyword.internal.KeywordMain.stepFailed(KeywordMain.groovy:23)
	at com.kms.katalon.core.keyword.internal.KeywordMain$stepFailed$0.call(Unknown Source)
	at com.kms.katalon.core.cucumber.keyword.CucumberBuiltinKeywords$_runWithCucumberRunner_closure5.doCall(CucumberBuiltinKeywords.groovy:633)
	at com.kms.katalon.core.cucumber.keyword.CucumberBuiltinKeywords$_runWithCucumberRunner_closure5.doCall(CucumberBuiltinKeywords.groovy)
	at com.kms.katalon.core.keyword.internal.KeywordMain.runKeyword(KeywordMain.groovy:74)
	at com.kms.katalon.core.keyword.internal.KeywordMain.runKeyword(KeywordMain.groovy:68)
	at com.kms.katalon.core.keyword.internal.KeywordMain$runKeyword.call(Unknown Source)
	at com.kms.katalon.core.cucumber.keyword.CucumberBuiltinKeywords.runWithCucumberRunner(CucumberBuiltinKeywords.groovy:618)
	at com.kms.katalon.core.cucumber.keyword.CucumberBuiltinKeywords$runWithCucumberRunner$0.callStatic(Unknown Source)
	at com.kms.katalon.core.cucumber.keyword.CucumberBuiltinKeywords.runWithCucumberRunner(CucumberBuiltinKeywords.groovy:718)
	at com.kms.katalon.core.cucumber.keyword.CucumberBuiltinKeywords$runWithCucumberRunner.call(Unknown Source)
	at Seller Product.run(Seller Product:20)
	at com.kms.katalon.core.main.ScriptEngine.run(ScriptEngine.java:194)
	at com.kms.katalon.core.main.ScriptEngine.runScriptAsRawText(ScriptEngine.java:119)
	at com.kms.katalon.core.main.TestCaseExecutor.runScript(TestCaseExecutor.java:448)
	at com.kms.katalon.core.main.TestCaseExecutor.doExecute(TestCaseExecutor.java:439)
	at com.kms.katalon.core.main.TestCaseExecutor.processExecutionPhase(TestCaseExecutor.java:418)
	at com.kms.katalon.core.main.TestCaseExecutor.accessMainPhase(TestCaseExecutor.java:410)
	at com.kms.katalon.core.main.TestCaseExecutor.execute(TestCaseExecutor.java:285)
	at com.kms.katalon.core.common.CommonExecutor.accessTestCaseMainPhase(CommonExecutor.java:65)
	at com.kms.katalon.core.main.TestSuiteExecutor.accessTestSuiteMainPhase(TestSuiteExecutor.java:151)
	at com.kms.katalon.core.main.TestSuiteExecutor.execute(TestSuiteExecutor.java:106)
	at com.kms.katalon.core.main.TestCaseMain.startTestSuite(TestCaseMain.java:185)
	at com.kms.katalon.core.main.TestCaseMain$startTestSuite$0.call(Unknown Source)
	at TempTestSuite1670246606020.run(TempTestSuite1670246606020.groovy:36)


2022-12-05 20:36:13 - [TEST_STEP][FAILED] - runWithCucumberRunner(Runner_Seller_Product): Keyword runWithCucumberRunner was failed (Root cause: com.kms.katalon.core.exception.StepFailedException: These following reason:
 [Object Object Repository/Page_Daftar Jual/button_back not found, Object Object Repository/Page_Akun/Before Login/button_masuk not found, Object Object Repository/Page_Akun/Before Login/button_masuk not found, Object Object Repository/Page_Akun/Before Login/button_masuk not found]
	at com.kms.katalon.core.keyword.internal.KeywordMain.stepFailed(KeywordMain.groovy:50)
	at com.kms.katalon.core.keyword.internal.KeywordMain.stepFailed(KeywordMain.groovy)
	at com.kms.katalon.core.keyword.internal.KeywordMain.stepFailed(KeywordMain.groovy:23)
	at com.kms.katalon.core.keyword.internal.KeywordMain$stepFailed$0.call(Unknown Source)
	at com.kms.katalon.core.cucumber.keyword.CucumberBuiltinKeywords$_runWithCucumberRunner_closure5.doCall(CucumberBuiltinKeywords.groovy:633)
	at com.kms.katalon.core.cucumber.keyword.CucumberBuiltinKeywords$_runWithCucumberRunner_closure5.doCall(CucumberBuiltinKeywords.groovy)
	at com.kms.katalon.core.keyword.internal.KeywordMain.runKeyword(KeywordMain.groovy:74)
	at com.kms.katalon.core.keyword.internal.KeywordMain.runKeyword(KeywordMain.groovy:68)
	at com.kms.katalon.core.keyword.internal.KeywordMain$runKeyword.call(Unknown Source)
	at com.kms.katalon.core.cucumber.keyword.CucumberBuiltinKeywords.runWithCucumberRunner(CucumberBuiltinKeywords.groovy:618)
	at com.kms.katalon.core.cucumber.keyword.CucumberBuiltinKeywords$runWithCucumberRunner$0.callStatic(Unknown Source)
	at com.kms.katalon.core.cucumber.keyword.CucumberBuiltinKeywords.runWithCucumberRunner(CucumberBuiltinKeywords.groovy:718)
	at com.kms.katalon.core.cucumber.keyword.CucumberBuiltinKeywords$runWithCucumberRunner.call(Unknown Source)
	at Seller Product.run(Seller Product:20)
	at com.kms.katalon.core.main.ScriptEngine.run(ScriptEngine.java:194)
	at com.kms.katalon.core.main.ScriptEngine.runScriptAsRawText(ScriptEngine.java:119)
	at com.kms.katalon.core.main.TestCaseExecutor.runScript(TestCaseExecutor.java:448)
	at com.kms.katalon.core.main.TestCaseExecutor.doExecute(TestCaseExecutor.java:439)
	at com.kms.katalon.core.main.TestCaseExecutor.processExecutionPhase(TestCaseExecutor.java:418)
	at com.kms.katalon.core.main.TestCaseExecutor.accessMainPhase(TestCaseExecutor.java:410)
	at com.kms.katalon.core.main.TestCaseExecutor.execute(TestCaseExecutor.java:285)
	at com.kms.katalon.core.common.CommonExecutor.accessTestCaseMainPhase(CommonExecutor.java:65)
	at com.kms.katalon.core.main.TestSuiteExecutor.accessTestSuiteMainPhase(TestSuiteExecutor.java:151)
	at com.kms.katalon.core.main.TestSuiteExecutor.execute(TestSuiteExecutor.java:106)
	at com.kms.katalon.core.main.TestCaseMain.startTestSuite(TestCaseMain.java:185)
	at com.kms.katalon.core.main.TestCaseMain$startTestSuite$0.call(Unknown Source)
	at TempTestSuite1670246606020.run(TempTestSuite1670246606020.groovy:36)
)

2022-12-05 20:36:13 - [MESSAGE][INFO] - User set preference: ['appWaitActivity', '*']

2022-12-05 20:36:13 - [MESSAGE][INFO] - User set preference: ['appWaitforLaunch', 'false']

2022-12-05 20:36:13 - [MESSAGE][INFO] - User set preference: ['deviceId', 'emulator-5554']

2022-12-05 20:36:28 - [MESSAGE][PASSED] - Started app at: 'D:\platinum_challange\secondhand-app\APK File\app-release.apk'

2022-12-05 20:36:28 - [MESSAGE][WARNING] - Timeout '0' is invalid. Using default page load timeout: '30'

2022-12-05 20:36:29 - [MESSAGE][PASSED] - Tapped on element 'Object Repository/Page_Akun/menu_akun'

2022-12-05 20:36:29 - [MESSAGE][WARNING] - Timeout '0' is invalid. Using default page load timeout: '30'

2022-12-05 20:36:30 - [MESSAGE][PASSED] - Tapped on element 'Object Repository/Page_Akun/Before Login/button_masuk'

2022-12-05 20:36:30 - [MESSAGE][WARNING] - Timeout '0' is invalid. Using default page load timeout: '30'

2022-12-05 20:36:32 - [MESSAGE][PASSED] - Text 'almas.testing@gmail.com' has been set to element 'Object Repository/Page_Login/input_email'

2022-12-05 20:36:32 - [MESSAGE][WARNING] - Timeout '0' is invalid. Using default page load timeout: '30'

2022-12-05 20:36:34 - [MESSAGE][PASSED] - Text '12345678' has been set to element 'Object Repository/Page_Login/input_password'

2022-12-05 20:36:34 - [MESSAGE][WARNING] - Timeout '0' is invalid. Using default page load timeout: '30'

2022-12-05 20:36:36 - [MESSAGE][PASSED] - Tapped on element 'Object Repository/Page_Login/button_masuk'

2022-12-05 20:36:36 - [MESSAGE][WARNING] - Timeout '0' is invalid. Using default page load timeout: '30'

2022-12-05 20:36:37 - [MESSAGE][PASSED] - Element 'Object Repository/Page_Akun/After Login/account_username' is checked

2022-12-05 20:36:37 - [MESSAGE][WARNING] - Timeout '0' is invalid. Using default page load timeout: '30'

2022-12-05 20:36:37 - [MESSAGE][PASSED] - Element 'Object Repository/Page_Akun/After Login/account_email' is checked

2022-12-05 20:36:37 - [MESSAGE][WARNING] - Timeout '0' is invalid. Using default page load timeout: '30'

2022-12-05 20:36:38 - [MESSAGE][PASSED] - Tapped on element 'Object Repository/Navbar/button_beranda'

2022-12-05 20:36:38 - [MESSAGE][WARNING] - Timeout '0' is invalid. Using default page load timeout: '30'

2022-12-05 20:36:39 - [MESSAGE][PASSED] - Element 'Object Repository/Page_Beranda/text_telusuri kategori' is visible

2022-12-05 20:36:40 - [MESSAGE][WARNING] - Timeout '0' is invalid. Using default page load timeout: '30'

2022-12-05 20:36:40 - [MESSAGE][PASSED] - Tapped on element 'Object Repository/Navbar/button_jual'

2022-12-05 20:36:40 - [MESSAGE][WARNING] - Timeout '0' is invalid. Using default page load timeout: '30'

2022-12-05 20:36:41 - [MESSAGE][PASSED] - Element 'Object Repository/Page_Seller Product/input_nama produk' text is cleared

2022-12-05 20:36:41 - [MESSAGE][WARNING] - Timeout '0' is invalid. Using default page load timeout: '30'

2022-12-05 20:36:43 - [MESSAGE][PASSED] - Text 'Baju Anak' has been set to element 'Object Repository/Page_Seller Product/input_nama produk'

2022-12-05 20:36:43 - [MESSAGE][WARNING] - Timeout '0' is invalid. Using default page load timeout: '30'

2022-12-05 20:36:43 - [MESSAGE][PASSED] - Element 'Object Repository/Page_Seller Product/input_harga produk' text is cleared

2022-12-05 20:36:43 - [MESSAGE][WARNING] - Timeout '0' is invalid. Using default page load timeout: '30'

2022-12-05 20:36:45 - [MESSAGE][PASSED] - Text '50000' has been set to element 'Object Repository/Page_Seller Product/input_harga produk'

2022-12-05 20:36:45 - [MESSAGE][WARNING] - Timeout '0' is invalid. Using default page load timeout: '30'

2022-12-05 20:36:46 - [MESSAGE][PASSED] - Tapped on element 'Object Repository/Page_Seller Product/button_dropdown kategori'

2022-12-05 20:36:46 - [MESSAGE][WARNING] - Timeout '0' is invalid. Using default page load timeout: '30'

2022-12-05 20:36:48 - [MESSAGE][PASSED] - Tapped on element 'Object Repository/Page_Seller Product/button_upload image'

2022-12-05 20:36:48 - [MESSAGE][WARNING] - Timeout '0' is invalid. Using default page load timeout: '30'

2022-12-05 20:36:48 - [MESSAGE][PASSED] - Element 'Object Repository/Page_Seller Product/input_lokasi' text is cleared

2022-12-05 20:36:48 - [MESSAGE][WARNING] - Timeout '0' is invalid. Using default page load timeout: '30'

2022-12-05 20:36:49 - [MESSAGE][PASSED] - Text 'Bandung' has been set to element 'Object Repository/Page_Seller Product/input_lokasi'

2022-12-05 20:36:49 - [MESSAGE][WARNING] - Timeout '0' is invalid. Using default page load timeout: '30'

2022-12-05 20:36:50 - [MESSAGE][PASSED] - Element 'Object Repository/Page_Seller Product/input_deskripsi' text is cleared

2022-12-05 20:36:50 - [MESSAGE][WARNING] - Timeout '0' is invalid. Using default page load timeout: '30'

2022-12-05 20:36:52 - [MESSAGE][PASSED] - Text 'Tersedia ukuran S, M, L' has been set to element 'Object Repository/Page_Seller Product/input_deskripsi'

2022-12-05 20:36:52 - [MESSAGE][WARNING] - Timeout '0' is invalid. Using default page load timeout: '30'

2022-12-05 20:36:52 - [MESSAGE][PASSED] - Tapped on element 'Object Repository/Page_Seller Product/button_upload image'

2022-12-05 20:36:52 - [MESSAGE][WARNING] - Timeout '0' is invalid. Using default page load timeout: '30'

2022-12-05 20:37:08 - [MESSAGE][PASSED] - Tapped on element 'Object Repository/Page_Seller Product/button_galeri'

2022-12-05 20:37:09 - [MESSAGE][WARNING] - Timeout '0' is invalid. Using default page load timeout: '30'

2022-12-05 20:37:12 - [MESSAGE][PASSED] - Tapped on element 'Object Repository/Page_Seller Product/image_product'

2022-12-05 20:37:12 - [MESSAGE][WARNING] - Timeout '0' is invalid. Using default page load timeout: '30'

2022-12-05 20:37:13 - [MESSAGE][PASSED] - Tapped on element 'Object Repository/Page_Seller Product/button_terbitkan'

2022-12-05 20:37:13 - [MESSAGE][WARNING] - Timeout '0' is invalid. Using default page load timeout: '30'

2022-12-05 20:37:17 - [MESSAGE][PASSED] - Element 'Object Repository/Page_Daftar Jual/text_produk berhasil diterbitkan' is visible

2022-12-05 20:37:17 - [MESSAGE][WARNING] - Timeout '0' is invalid. Using default page load timeout: '30'

2022-12-05 20:37:18 - [MESSAGE][PASSED] - Tapped on element 'Object Repository/Page_Daftar Jual/button_back'

2022-12-05 20:37:18 - [MESSAGE][WARNING] - Timeout '0' is invalid. Using default page load timeout: '30'

2022-12-05 20:37:20 - [MESSAGE][PASSED] - Tapped on element 'Object Repository/Navbar/button_akun'

2022-12-05 20:37:20 - [MESSAGE][WARNING] - Timeout '0' is invalid. Using default page load timeout: '30'

2022-12-05 20:37:20 - [MESSAGE][PASSED] - Tapped on element 'Object Repository/Page_Akun/After Login/menu_keluar'

2022-12-05 20:37:20 - [MESSAGE][WARNING] - Timeout '0' is invalid. Using default page load timeout: '30'

2022-12-05 20:37:22 - [MESSAGE][PASSED] - Element 'Object Repository/Page_Beranda/text_telusuri kategori' is checked

2022-12-05 20:37:22 - [MESSAGE][INFO] - User set preference: ['appWaitActivity', '*']

2022-12-05 20:37:22 - [MESSAGE][INFO] - User set preference: ['appWaitforLaunch', 'false']

2022-12-05 20:37:22 - [MESSAGE][INFO] - User set preference: ['deviceId', 'emulator-5554']

2022-12-05 20:37:37 - [MESSAGE][PASSED] - Started app at: 'D:\platinum_challange\secondhand-app\APK File\app-release.apk'

2022-12-05 20:37:37 - [MESSAGE][WARNING] - Timeout '0' is invalid. Using default page load timeout: '30'

2022-12-05 20:37:39 - [MESSAGE][PASSED] - Tapped on element 'Object Repository/Page_Akun/menu_akun'

2022-12-05 20:37:39 - [MESSAGE][WARNING] - Timeout '0' is invalid. Using default page load timeout: '30'

2022-12-05 20:37:40 - [MESSAGE][PASSED] - Tapped on element 'Object Repository/Page_Akun/Before Login/button_masuk'

2022-12-05 20:37:40 - [MESSAGE][WARNING] - Timeout '0' is invalid. Using default page load timeout: '30'

2022-12-05 20:37:42 - [MESSAGE][PASSED] - Text 'almas.testing@gmail.com' has been set to element 'Object Repository/Page_Login/input_email'

2022-12-05 20:37:42 - [MESSAGE][WARNING] - Timeout '0' is invalid. Using default page load timeout: '30'

2022-12-05 20:37:44 - [MESSAGE][PASSED] - Text '12345678' has been set to element 'Object Repository/Page_Login/input_password'

2022-12-05 20:37:44 - [MESSAGE][WARNING] - Timeout '0' is invalid. Using default page load timeout: '30'

2022-12-05 20:37:45 - [MESSAGE][PASSED] - Tapped on element 'Object Repository/Page_Login/button_masuk'

2022-12-05 20:37:45 - [MESSAGE][WARNING] - Timeout '0' is invalid. Using default page load timeout: '30'

2022-12-05 20:37:47 - [MESSAGE][PASSED] - Element 'Object Repository/Page_Akun/After Login/account_username' is checked

2022-12-05 20:37:47 - [MESSAGE][WARNING] - Timeout '0' is invalid. Using default page load timeout: '30'

2022-12-05 20:37:47 - [MESSAGE][PASSED] - Element 'Object Repository/Page_Akun/After Login/account_email' is checked

2022-12-05 20:37:47 - [MESSAGE][WARNING] - Timeout '0' is invalid. Using default page load timeout: '30'

2022-12-05 20:37:48 - [MESSAGE][PASSED] - Tapped on element 'Object Repository/Navbar/button_beranda'

2022-12-05 20:37:48 - [MESSAGE][WARNING] - Timeout '0' is invalid. Using default page load timeout: '30'

2022-12-05 20:37:49 - [MESSAGE][PASSED] - Element 'Object Repository/Page_Beranda/text_telusuri kategori' is visible

2022-12-05 20:37:49 - [MESSAGE][WARNING] - Timeout '0' is invalid. Using default page load timeout: '30'

2022-12-05 20:37:49 - [MESSAGE][PASSED] - Tapped on element 'Object Repository/Navbar/button_jual'

2022-12-05 20:37:49 - [MESSAGE][WARNING] - Timeout '0' is invalid. Using default page load timeout: '30'

2022-12-05 20:37:51 - [MESSAGE][PASSED] - Tapped on element 'Object Repository/Page_Seller Product/button_terbitkan'

2022-12-05 20:37:51 - [MESSAGE][WARNING] - Timeout '0' is invalid. Using default page load timeout: '30'

2022-12-05 20:37:51 - [MESSAGE][PASSED] - Element 'Object Repository/Page_Seller Product/text_tambah produk' is visible

2022-12-05 20:37:51 - [MESSAGE][WARNING] - Timeout '0' is invalid. Using default page load timeout: '30'

2022-12-05 20:38:21 - [MESSAGE][FAILED] - Object Object Repository/Page_Daftar Jual/button_back not found

2022-12-05 20:38:22 - [MESSAGE][FAILED] - Failed to tap on element 'Object Repository/Page_Daftar Jual/button_back' (Root cause: com.kms.katalon.core.exception.StepFailedException: Object Object Repository/Page_Daftar Jual/button_back not found
	at com.kms.katalon.core.keyword.internal.KeywordMain.stepFailed(KeywordMain.groovy:50)
	at com.kms.katalon.core.mobile.keyword.internal.MobileKeywordMain.stepFailed(MobileKeywordMain.groovy:40)
	at com.kms.katalon.core.mobile.keyword.builtin.TapKeyword$_tap_closure1.doCall(TapKeyword.groovy:79)
	at com.kms.katalon.core.mobile.keyword.builtin.TapKeyword$_tap_closure1.call(TapKeyword.groovy)
	at com.kms.katalon.core.mobile.keyword.internal.MobileKeywordMain.runKeyword(MobileKeywordMain.groovy:21)
	at com.kms.katalon.core.mobile.keyword.builtin.TapKeyword.tap(TapKeyword.groovy:84)
	at com.kms.katalon.core.mobile.keyword.builtin.TapKeyword.execute(TapKeyword.groovy:68)
[...]
	at com.kms.katalon.core.main.TestCaseMain$startTestSuite$0.call(Unknown Source)
	at TempTestSuite1670246606020.run(TempTestSuite1670246606020.groovy:36)
)
[[ATTACHMENT|D:\\platinum_challange\\secondhand-app\\Reports\\20221205_202326\\Cucumber\\Runner By Feature\\20221205_202326\\1670247931662.png]]

2022-12-05 20:45:32 - [MESSAGE][INFO] - User set preference: ['appWaitActivity', '*']

2022-12-05 20:45:32 - [MESSAGE][INFO] - User set preference: ['appWaitforLaunch', 'false']

2022-12-05 20:45:32 - [MESSAGE][INFO] - User set preference: ['deviceId', 'emulator-5554']

2022-12-05 20:45:45 - [MESSAGE][PASSED] - Started app at: 'D:\platinum_challange\secondhand-app\APK File\app-release.apk'

2022-12-05 20:45:45 - [MESSAGE][WARNING] - Timeout '0' is invalid. Using default page load timeout: '30'

2022-12-05 20:45:48 - [MESSAGE][PASSED] - Tapped on element 'Object Repository/Page_Akun/menu_akun'

2022-12-05 20:45:48 - [MESSAGE][WARNING] - Timeout '0' is invalid. Using default page load timeout: '30'

2022-12-05 20:46:18 - [MESSAGE][FAILED] - Object Object Repository/Page_Akun/Before Login/button_masuk not found

2022-12-05 20:46:19 - [MESSAGE][FAILED] - Failed to tap on element 'Object Repository/Page_Akun/Before Login/button_masuk' (Root cause: com.kms.katalon.core.exception.StepFailedException: Object Object Repository/Page_Akun/Before Login/button_masuk not found
	at com.kms.katalon.core.keyword.internal.KeywordMain.stepFailed(KeywordMain.groovy:50)
	at com.kms.katalon.core.mobile.keyword.internal.MobileKeywordMain.stepFailed(MobileKeywordMain.groovy:40)
	at com.kms.katalon.core.mobile.keyword.builtin.TapKeyword$_tap_closure1.doCall(TapKeyword.groovy:79)
	at com.kms.katalon.core.mobile.keyword.builtin.TapKeyword$_tap_closure1.call(TapKeyword.groovy)
	at com.kms.katalon.core.mobile.keyword.internal.MobileKeywordMain.runKeyword(MobileKeywordMain.groovy:21)
	at com.kms.katalon.core.mobile.keyword.builtin.TapKeyword.tap(TapKeyword.groovy:84)
	at com.kms.katalon.core.mobile.keyword.builtin.TapKeyword.execute(TapKeyword.groovy:68)
	at com.kms.katalon.core.keyword.internal.KeywordExecutor.executeKeywordForPlatform(KeywordExecutor.groovy:74)
	at com.kms.katalon.core.mobile.keyword.MobileBuiltInKeywords.tap(MobileBuiltInKeywords.groovy:1490)
	at com.kms.katalon.core.mobile.keyword.MobileBuiltInKeywords$tap$0.call(Unknown Source)
	at stepDefinition.Login.user_click_button_of_Masuk(Login.groovy:39)
	at cucumber.runtime.Utils$1.call(Utils.java:26)
	at cucumber.runtime.Timeout.timeout(Timeout.java:16)
	at cucumber.runtime.Utils.invoke(Utils.java:20)
	at cucumber.runtime.java.JavaStepDefinition.execute(JavaStepDefinition.java:48)
	at cucumber.runtime.PickleStepDefinitionMatch.runStep(PickleStepDefinitionMatch.java:50)
	at cucumber.runner.TestStep.executeStep(TestStep.java:68)
	at cucumber.runner.TestStep.run(TestStep.java:50)
	at cucumber.runner.PickleStepTestStep.run(PickleStepTestStep.java:53)
	at cucumber.runner.TestCase.run(TestCase.java:47)
	at cucumber.runner.Runner.runPickle(Runner.java:44)
	at cucumber.runtime.junit.PickleRunners$NoStepDescriptions.run(PickleRunners.java:140)
	at cucumber.runtime.junit.FeatureRunner.runChild(FeatureRunner.java:68)
	at cucumber.runtime.junit.FeatureRunner.runChild(FeatureRunner.java:23)
	at org.junit.runners.ParentRunner$4.run(ParentRunner.java:331)
	at org.junit.runners.ParentRunner$1.schedule(ParentRunner.java:79)
	at org.junit.runners.ParentRunner.runChildren(ParentRunner.java:329)
	at org.junit.runners.ParentRunner.access$100(ParentRunner.java:66)
	at org.junit.runners.ParentRunner$2.evaluate(ParentRunner.java:293)
	at org.junit.runners.ParentRunner$3.evaluate(ParentRunner.java:306)
	at org.junit.runners.ParentRunner.run(ParentRunner.java:413)
	at cucumber.runtime.junit.FeatureRunner.run(FeatureRunner.java:73)
	at cucumber.api.junit.Cucumber.runChild(Cucumber.java:98)
	at cucumber.api.junit.Cucumber.runChild(Cucumber.java:55)
	at org.junit.runners.ParentRunner$4.run(ParentRunner.java:331)
	at org.junit.runners.ParentRunner$1.schedule(ParentRunner.java:79)
	at org.junit.runners.ParentRunner.runChildren(ParentRunner.java:329)
	at org.junit.runners.ParentRunner.access$100(ParentRunner.java:66)
	at org.junit.runners.ParentRunner$2.evaluate(ParentRunner.java:293)
	at cucumber.api.junit.Cucumber$1.evaluate(Cucumber.java:107)
	at org.junit.runners.ParentRunner$3.evaluate(ParentRunner.java:306)
	at org.junit.runners.ParentRunner.run(ParentRunner.java:413)
	at org.junit.runners.Suite.runChild(Suite.java:128)
	at org.junit.runners.Suite.runChild(Suite.java:27)
	at org.junit.runners.ParentRunner$4.run(ParentRunner.java:331)
	at org.junit.runners.ParentRunner$1.schedule(ParentRunner.java:79)
	at org.junit.runners.ParentRunner.runChildren(ParentRunner.java:329)
	at org.junit.runners.ParentRunner.access$100(ParentRunner.java:66)
	at org.junit.runners.ParentRunner$2.evaluate(ParentRunner.java:293)
	at org.junit.runners.ParentRunner$3.evaluate(ParentRunner.java:306)
	at org.junit.runners.ParentRunner.run(ParentRunner.java:413)
	at org.junit.runner.JUnitCore.run(JUnitCore.java:137)
	at org.junit.runner.JUnitCore.run(JUnitCore.java:115)
	at org.junit.runner.JUnitCore.run(JUnitCore.java:105)
	at com.kms.katalon.core.cucumber.keyword.CucumberBuiltinKeywords$_runWithCucumberRunner_closure5.doCall(CucumberBuiltinKeywords.groovy:621)
	at com.kms.katalon.core.cucumber.keyword.CucumberBuiltinKeywords$_runWithCucumberRunner_closure5.doCall(CucumberBuiltinKeywords.groovy)
	at com.kms.katalon.core.keyword.internal.KeywordMain.runKeyword(KeywordMain.groovy:74)
	at com.kms.katalon.core.keyword.internal.KeywordMain.runKeyword(KeywordMain.groovy:68)
	at com.kms.katalon.core.keyword.internal.KeywordMain$runKeyword.call(Unknown Source)
	at com.kms.katalon.core.cucumber.keyword.CucumberBuiltinKeywords.runWithCucumberRunner(CucumberBuiltinKeywords.groovy:618)
	at com.kms.katalon.core.cucumber.keyword.CucumberBuiltinKeywords$runWithCucumberRunner$0.callStatic(Unknown Source)
	at com.kms.katalon.core.cucumber.keyword.CucumberBuiltinKeywords.runWithCucumberRunner(CucumberBuiltinKeywords.groovy:718)
	at com.kms.katalon.core.cucumber.keyword.CucumberBuiltinKeywords$runWithCucumberRunner.call(Unknown Source)
	at Transaction History.run(Transaction History:20)
	at com.kms.katalon.core.main.ScriptEngine.run(ScriptEngine.java:194)
	at com.kms.katalon.core.main.ScriptEngine.runScriptAsRawText(ScriptEngine.java:119)
	at com.kms.katalon.core.main.TestCaseExecutor.runScript(TestCaseExecutor.java:448)
	at com.kms.katalon.core.main.TestCaseExecutor.doExecute(TestCaseExecutor.java:439)
	at com.kms.katalon.core.main.TestCaseExecutor.processExecutionPhase(TestCaseExecutor.java:418)
	at com.kms.katalon.core.main.TestCaseExecutor.accessMainPhase(TestCaseExecutor.java:410)
	at com.kms.katalon.core.main.TestCaseExecutor.execute(TestCaseExecutor.java:285)
	at com.kms.katalon.core.common.CommonExecutor.accessTestCaseMainPhase(CommonExecutor.java:65)
	at com.kms.katalon.core.main.TestSuiteExecutor.accessTestSuiteMainPhase(TestSuiteExecutor.java:151)
	at com.kms.katalon.core.main.TestSuiteExecutor.execute(TestSuiteExecutor.java:106)
	at com.kms.katalon.core.main.TestCaseMain.startTestSuite(TestCaseMain.java:185)
	at com.kms.katalon.core.main.TestCaseMain$startTestSuite$0.call(Unknown Source)
	at TempTestSuite1670246606020.run(TempTestSuite1670246606020.groovy:36)
)
[[ATTACHMENT|D:\\platinum_challange\\secondhand-app\\Reports\\20221205_202326\\Cucumber\\Runner By Feature\\20221205_202326\\1670247978305.png]]

2022-12-05 20:46:19 - [MESSAGE][FAILED] - These following reason:
 [Object Object Repository/Page_Akun/Before Login/button_masuk not found, Object Object Repository/Page_Akun/Before Login/button_masuk not found, Object Object Repository/Page_Akun/Before Login/button_masuk not found]

2022-12-05 20:46:19 - [MESSAGE][FAILED] - Keyword runWithCucumberRunner was failed (Root cause: com.kms.katalon.core.exception.StepFailedException: These following reason:
 [Object Object Repository/Page_Akun/Before Login/button_masuk not found, Object Object Repository/Page_Akun/Before Login/button_masuk not found, Object Object Repository/Page_Akun/Before Login/button_masuk not found]
	at com.kms.katalon.core.keyword.internal.KeywordMain.stepFailed(KeywordMain.groovy:50)
	at com.kms.katalon.core.keyword.internal.KeywordMain.stepFailed(KeywordMain.groovy)
	at com.kms.katalon.core.keyword.internal.KeywordMain.stepFailed(KeywordMain.groovy:23)
	at com.kms.katalon.core.keyword.internal.KeywordMain$stepFailed$0.call(Unknown Source)
	at com.kms.katalon.core.cucumber.keyword.CucumberBuiltinKeywords$_runWithCucumberRunner_closure5.doCall(CucumberBuiltinKeywords.groovy:633)
	at com.kms.katalon.core.cucumber.keyword.CucumberBuiltinKeywords$_runWithCucumberRunner_closure5.doCall(CucumberBuiltinKeywords.groovy)
	at com.kms.katalon.core.keyword.internal.KeywordMain.runKeyword(KeywordMain.groovy:74)
	at com.kms.katalon.core.keyword.internal.KeywordMain.runKeyword(KeywordMain.groovy:68)
	at com.kms.katalon.core.keyword.internal.KeywordMain$runKeyword.call(Unknown Source)
	at com.kms.katalon.core.cucumber.keyword.CucumberBuiltinKeywords.runWithCucumberRunner(CucumberBuiltinKeywords.groovy:618)
	at com.kms.katalon.core.cucumber.keyword.CucumberBuiltinKeywords$runWithCucumberRunner$0.callStatic(Unknown Source)
	at com.kms.katalon.core.cucumber.keyword.CucumberBuiltinKeywords.runWithCucumberRunner(CucumberBuiltinKeywords.groovy:718)
	at com.kms.katalon.core.cucumber.keyword.CucumberBuiltinKeywords$runWithCucumberRunner.call(Unknown Source)
	at Transaction History.run(Transaction History:20)
	at com.kms.katalon.core.main.ScriptEngine.run(ScriptEngine.java:194)
	at com.kms.katalon.core.main.ScriptEngine.runScriptAsRawText(ScriptEngine.java:119)
	at com.kms.katalon.core.main.TestCaseExecutor.runScript(TestCaseExecutor.java:448)
	at com.kms.katalon.core.main.TestCaseExecutor.doExecute(TestCaseExecutor.java:439)
	at com.kms.katalon.core.main.TestCaseExecutor.processExecutionPhase(TestCaseExecutor.java:418)
	at com.kms.katalon.core.main.TestCaseExecutor.accessMainPhase(TestCaseExecutor.java:410)
	at com.kms.katalon.core.main.TestCaseExecutor.execute(TestCaseExecutor.java:285)
	at com.kms.katalon.core.common.CommonExecutor.accessTestCaseMainPhase(CommonExecutor.java:65)
	at com.kms.katalon.core.main.TestSuiteExecutor.accessTestSuiteMainPhase(TestSuiteExecutor.java:151)
	at com.kms.katalon.core.main.TestSuiteExecutor.execute(TestSuiteExecutor.java:106)
	at com.kms.katalon.core.main.TestCaseMain.startTestSuite(TestCaseMain.java:185)
	at com.kms.katalon.core.main.TestCaseMain$startTestSuite$0.call(Unknown Source)
	at TempTestSuite1670246606020.run(TempTestSuite1670246606020.groovy:36)
)]]></system-out>
         <system-err><![CDATA[2022-12-05 20:44:00 - [TEST_CASE][FAILED] - Test Cases/Cucumber/Runner By Feature/Transaction History: Test Cases/Cucumber/Runner By Feature/Transaction History FAILED.
Reason:
com.kms.katalon.core.exception.StepFailedException: These following reason:
 [Object Object Repository/Page_Akun/Before Login/button_masuk not found, Object Object Repository/Page_Akun/Before Login/button_masuk not found, Object Object Repository/Page_Akun/Before Login/button_masuk not found]
	at com.kms.katalon.core.keyword.internal.KeywordMain.stepFailed(KeywordMain.groovy:50)
	at com.kms.katalon.core.keyword.internal.KeywordMain.stepFailed(KeywordMain.groovy)
	at com.kms.katalon.core.keyword.internal.KeywordMain.stepFailed(KeywordMain.groovy:23)
	at com.kms.katalon.core.keyword.internal.KeywordMain$stepFailed$0.call(Unknown Source)
	at com.kms.katalon.core.cucumber.keyword.CucumberBuiltinKeywords$_runWithCucumberRunner_closure5.doCall(CucumberBuiltinKeywords.groovy:633)
	at com.kms.katalon.core.cucumber.keyword.CucumberBuiltinKeywords$_runWithCucumberRunner_closure5.doCall(CucumberBuiltinKeywords.groovy)
	at com.kms.katalon.core.keyword.internal.KeywordMain.runKeyword(KeywordMain.groovy:74)
	at com.kms.katalon.core.keyword.internal.KeywordMain.runKeyword(KeywordMain.groovy:68)
	at com.kms.katalon.core.keyword.internal.KeywordMain$runKeyword.call(Unknown Source)
	at com.kms.katalon.core.cucumber.keyword.CucumberBuiltinKeywords.runWithCucumberRunner(CucumberBuiltinKeywords.groovy:618)
	at com.kms.katalon.core.cucumber.keyword.CucumberBuiltinKeywords$runWithCucumberRunner$0.callStatic(Unknown Source)
	at com.kms.katalon.core.cucumber.keyword.CucumberBuiltinKeywords.runWithCucumberRunner(CucumberBuiltinKeywords.groovy:718)
	at com.kms.katalon.core.cucumber.keyword.CucumberBuiltinKeywords$runWithCucumberRunner.call(Unknown Source)
	at Transaction History.run(Transaction History:20)
	at com.kms.katalon.core.main.ScriptEngine.run(ScriptEngine.java:194)
	at com.kms.katalon.core.main.ScriptEngine.runScriptAsRawText(ScriptEngine.java:119)
	at com.kms.katalon.core.main.TestCaseExecutor.runScript(TestCaseExecutor.java:448)
	at com.kms.katalon.core.main.TestCaseExecutor.doExecute(TestCaseExecutor.java:439)
	at com.kms.katalon.core.main.TestCaseExecutor.processExecutionPhase(TestCaseExecutor.java:418)
	at com.kms.katalon.core.main.TestCaseExecutor.accessMainPhase(TestCaseExecutor.java:410)
	at com.kms.katalon.core.main.TestCaseExecutor.execute(TestCaseExecutor.java:285)
	at com.kms.katalon.core.common.CommonExecutor.accessTestCaseMainPhase(CommonExecutor.java:65)
	at com.kms.katalon.core.main.TestSuiteExecutor.accessTestSuiteMainPhase(TestSuiteExecutor.java:151)
	at com.kms.katalon.core.main.TestSuiteExecutor.execute(TestSuiteExecutor.java:106)
	at com.kms.katalon.core.main.TestCaseMain.startTestSuite(TestCaseMain.java:185)
	at com.kms.katalon.core.main.TestCaseMain$startTestSuite$0.call(Unknown Source)
	at TempTestSuite1670246606020.run(TempTestSuite1670246606020.groovy:36)]]></system-err>
      </testcase>
      <system-out><![CDATA[2022-12-05 20:23:36 - [TEST_SUITE][FAILED] - Runner By Feature: Test Cases/Cucumber/Runner By Feature/Seller Product FAILED.
Reason:
com.kms.katalon.core.exception.StepFailedException: These following reason:
 [Object Object Repository/Page_Daftar Jual/button_back not found, Object Object Repository/Page_Akun/Before Login/button_masuk not found, Object Object Repository/Page_Akun/Before Login/button_masuk not found, Object Object Repository/Page_Akun/Before Login/button_masuk not found]
	at com.kms.katalon.core.keyword.internal.KeywordMain.stepFailed(KeywordMain.groovy:50)
	at com.kms.katalon.core.keyword.internal.KeywordMain.stepFailed(KeywordMain.groovy)
	at com.kms.katalon.core.keyword.internal.KeywordMain.stepFailed(KeywordMain.groovy:23)
	at com.kms.katalon.core.keyword.internal.KeywordMain$stepFailed$0.call(Unknown Source)
	at com.kms.katalon.core.cucumber.keyword.CucumberBuiltinKeywords$_runWithCucumberRunner_closure5.doCall(CucumberBuiltinKeywords.groovy:633)
	at com.kms.katalon.core.cucumber.keyword.CucumberBuiltinKeywords$_runWithCucumberRunner_closure5.doCall(CucumberBuiltinKeywords.groovy)
	at com.kms.katalon.core.keyword.internal.KeywordMain.runKeyword(KeywordMain.groovy:74)
	at com.kms.katalon.core.keyword.internal.KeywordMain.runKeyword(KeywordMain.groovy:68)
	at com.kms.katalon.core.keyword.internal.KeywordMain$runKeyword.call(Unknown Source)
	at com.kms.katalon.core.cucumber.keyword.CucumberBuiltinKeywords.runWithCucumberRunner(CucumberBuiltinKeywords.groovy:618)
	at com.kms.katalon.core.cucumber.keyword.CucumberBuiltinKeywords$runWithCucumberRunner$0.callStatic(Unknown Source)
	at com.kms.katalon.core.cucumber.keyword.CucumberBuiltinKeywords.runWithCucumberRunner(CucumberBuiltinKeywords.groovy:718)
	at com.kms.katalon.core.cucumber.keyword.CucumberBuiltinKeywords$runWithCucumberRunner.call(Unknown Source)
	at Seller Product.run(Seller Product:20)
	at com.kms.katalon.core.main.ScriptEngine.run(ScriptEngine.java:194)
	at com.kms.katalon.core.main.ScriptEngine.runScriptAsRawText(ScriptEngine.java:119)
	at com.kms.katalon.core.main.TestCaseExecutor.runScript(TestCaseExecutor.java:448)
	at com.kms.katalon.core.main.TestCaseExecutor.doExecute(TestCaseExecutor.java:439)
	at com.kms.katalon.core.main.TestCaseExecutor.processExecutionPhase(TestCaseExecutor.java:418)
	at com.kms.katalon.core.main.TestCaseExecutor.accessMainPhase(TestCaseExecutor.java:410)
	at com.kms.katalon.core.main.TestCaseExecutor.execute(TestCaseExecutor.java:285)
	at com.kms.katalon.core.common.CommonExecutor.accessTestCaseMainPhase(CommonExecutor.java:65)
	at com.kms.katalon.core.main.TestSuiteExecutor.accessTestSuiteMainPhase(TestSuiteExecutor.java:151)
	at com.kms.katalon.core.main.TestSuiteExecutor.execute(TestSuiteExecutor.java:106)
	at com.kms.katalon.core.main.TestCaseMain.startTestSuite(TestCaseMain.java:185)
	at com.kms.katalon.core.main.TestCaseMain$startTestSuite$0.call(Unknown Source)
	at TempTestSuite1670246606020.run(TempTestSuite1670246606020.groovy:36)]]></system-out>
      <system-err><![CDATA[2022-12-05 20:23:36 - [TEST_SUITE][FAILED] - Runner By Feature: Test Cases/Cucumber/Runner By Feature/Seller Product FAILED.
Reason:
com.kms.katalon.core.exception.StepFailedException: These following reason:
 [Object Object Repository/Page_Daftar Jual/button_back not found, Object Object Repository/Page_Akun/Before Login/button_masuk not found, Object Object Repository/Page_Akun/Before Login/button_masuk not found, Object Object Repository/Page_Akun/Before Login/button_masuk not found]
	at com.kms.katalon.core.keyword.internal.KeywordMain.stepFailed(KeywordMain.groovy:50)
	at com.kms.katalon.core.keyword.internal.KeywordMain.stepFailed(KeywordMain.groovy)
	at com.kms.katalon.core.keyword.internal.KeywordMain.stepFailed(KeywordMain.groovy:23)
	at com.kms.katalon.core.keyword.internal.KeywordMain$stepFailed$0.call(Unknown Source)
	at com.kms.katalon.core.cucumber.keyword.CucumberBuiltinKeywords$_runWithCucumberRunner_closure5.doCall(CucumberBuiltinKeywords.groovy:633)
	at com.kms.katalon.core.cucumber.keyword.CucumberBuiltinKeywords$_runWithCucumberRunner_closure5.doCall(CucumberBuiltinKeywords.groovy)
	at com.kms.katalon.core.keyword.internal.KeywordMain.runKeyword(KeywordMain.groovy:74)
	at com.kms.katalon.core.keyword.internal.KeywordMain.runKeyword(KeywordMain.groovy:68)
	at com.kms.katalon.core.keyword.internal.KeywordMain$runKeyword.call(Unknown Source)
	at com.kms.katalon.core.cucumber.keyword.CucumberBuiltinKeywords.runWithCucumberRunner(CucumberBuiltinKeywords.groovy:618)
	at com.kms.katalon.core.cucumber.keyword.CucumberBuiltinKeywords$runWithCucumberRunner$0.callStatic(Unknown Source)
	at com.kms.katalon.core.cucumber.keyword.CucumberBuiltinKeywords.runWithCucumberRunner(CucumberBuiltinKeywords.groovy:718)
	at com.kms.katalon.core.cucumber.keyword.CucumberBuiltinKeywords$runWithCucumberRunner.call(Unknown Source)
	at Seller Product.run(Seller Product:20)
	at com.kms.katalon.core.main.ScriptEngine.run(ScriptEngine.java:194)
	at com.kms.katalon.core.main.ScriptEngine.runScriptAsRawText(ScriptEngine.java:119)
	at com.kms.katalon.core.main.TestCaseExecutor.runScript(TestCaseExecutor.java:448)
	at com.kms.katalon.core.main.TestCaseExecutor.doExecute(TestCaseExecutor.java:439)
	at com.kms.katalon.core.main.TestCaseExecutor.processExecutionPhase(TestCaseExecutor.java:418)
	at com.kms.katalon.core.main.TestCaseExecutor.accessMainPhase(TestCaseExecutor.java:410)
	at com.kms.katalon.core.main.TestCaseExecutor.execute(TestCaseExecutor.java:285)
	at com.kms.katalon.core.common.CommonExecutor.accessTestCaseMainPhase(CommonExecutor.java:65)
	at com.kms.katalon.core.main.TestSuiteExecutor.accessTestSuiteMainPhase(TestSuiteExecutor.java:151)
	at com.kms.katalon.core.main.TestSuiteExecutor.execute(TestSuiteExecutor.java:106)
	at com.kms.katalon.core.main.TestCaseMain.startTestSuite(TestCaseMain.java:185)
	at com.kms.katalon.core.main.TestCaseMain$startTestSuite$0.call(Unknown Source)
	at TempTestSuite1670246606020.run(TempTestSuite1670246606020.groovy:36)]]></system-err>
   </testsuite>
</testsuites>
